{
  "stats": {
    "suites": 1,
    "tests": 2,
    "passes": 2,
    "pending": 0,
    "failures": 0,
    "start": "2022-01-30T20:18:14.735Z",
    "end": "2022-01-30T20:19:11.724Z",
    "duration": 56989,
    "testsRegistered": 2,
    "passPercent": 100,
    "pendingPercent": 0,
    "other": 0,
    "hasOther": false,
    "skipped": 0,
    "hasSkipped": false
  },
  "results": [
    {
      "uuid": "d8234b32-901a-40b8-9c40-570fbc89a6c6",
      "title": "",
      "fullFile": "cypress/integration/US_008.feature",
      "file": "cypress/integration/US_008.feature",
      "beforeHooks": [],
      "afterHooks": [],
      "tests": [],
      "suites": [
        {
          "uuid": "d8b5f65b-8bc7-4f01-85c9-b6a602d3f0be",
          "title": "US_008 user in password page",
          "fullFile": "",
          "file": "",
          "beforeHooks": [],
          "afterHooks": [],
          "tests": [
            {
              "title": "TC001 same password not to be repeat",
              "fullTitle": "US_008 user in password page TC001 same password not to be repeat",
              "timedOut": null,
              "duration": 30109,
              "state": "passed",
              "speed": "slow",
              "pass": true,
              "fail": false,
              "pending": false,
              "context": null,
              "code": "const state = window.testState;\nreturn cy\n  .then(() => state.onStartScenario(scenario, indexedSteps))\n  .then(() =>\n    resolveAndRunBeforeHooks.call(this, scenario.tags, state.feature.name)\n  )\n  .then(() =>\n    indexedSteps.forEach((step) =>\n      stepTest.call(this, state, step, rowData)\n    )\n  )\n  .then(() => state.onFinishScenario(scenario));",
              "err": {},
              "uuid": "ab2fd86c-6cf1-4931-b914-64b1a4a7dd44",
              "parentUUID": "d8b5f65b-8bc7-4f01-85c9-b6a602d3f0be",
              "isHook": false,
              "skipped": false
            },
            {
              "title": "TC002 different passwords with different forms",
              "fullTitle": "US_008 user in password page TC002 different passwords with different forms",
              "timedOut": null,
              "duration": 19692,
              "state": "passed",
              "speed": "slow",
              "pass": true,
              "fail": false,
              "pending": false,
              "context": null,
              "code": "const state = window.testState;\nreturn cy\n  .then(() => state.onStartScenario(scenario, indexedSteps))\n  .then(() =>\n    resolveAndRunBeforeHooks.call(this, scenario.tags, state.feature.name)\n  )\n  .then(() =>\n    indexedSteps.forEach((step) =>\n      stepTest.call(this, state, step, rowData)\n    )\n  )\n  .then(() => state.onFinishScenario(scenario));",
              "err": {},
              "uuid": "d83382a3-456a-4b78-9859-7a84e3dc3e0b",
              "parentUUID": "d8b5f65b-8bc7-4f01-85c9-b6a602d3f0be",
              "isHook": false,
              "skipped": false
            }
          ],
          "suites": [],
          "passes": [
            "ab2fd86c-6cf1-4931-b914-64b1a4a7dd44",
            "d83382a3-456a-4b78-9859-7a84e3dc3e0b"
          ],
          "failures": [],
          "pending": [],
          "skipped": [],
          "duration": 49801,
          "root": false,
          "rootEmpty": false,
          "_timeout": 2000
        }
      ],
      "passes": [],
      "failures": [],
      "pending": [],
      "skipped": [],
      "duration": 0,
      "root": true,
      "rootEmpty": true,
      "_timeout": 2000
    }
  ],
  "meta": {
    "mocha": {
      "version": "7.0.1"
    },
    "mochawesome": {
      "options": {
        "quiet": false,
        "reportFilename": "mochawesome",
        "saveHtml": false,
        "saveJson": true,
        "consoleReporter": "spec",
        "useInlineDiffs": false,
        "code": true
      },
      "version": "7.0.1"
    },
    "marge": {
      "options": {
        "id": "default",
        "reportDir": "cypress/reports/mocha",
        "quite": true,
        "overwrite": false,
        "html": false,
        "json": true
      },
      "version": "6.0.1"
    }
  }
}