{
  "stats": {
    "suites": 1,
    "tests": 1,
    "passes": 1,
    "pending": 0,
    "failures": 0,
    "start": "2022-01-29T19:46:05.546Z",
    "end": "2022-01-29T19:46:37.400Z",
    "duration": 31854,
    "testsRegistered": 1,
    "passPercent": 100,
    "pendingPercent": 0,
    "other": 0,
    "hasOther": false,
    "skipped": 0,
    "hasSkipped": false
  },
  "results": [
    {
      "uuid": "0e5404f3-d879-449d-8fd3-256ac0569bd5",
      "title": "",
      "fullFile": "cypress/integration/US_010.feature",
      "file": "cypress/integration/US_010.feature",
      "beforeHooks": [],
      "afterHooks": [],
      "tests": [],
      "suites": [
        {
          "uuid": "53b873a2-b443-487f-a090-98b72e527c22",
          "title": "US_010 Address of customer can be created",
          "fullFile": "",
          "file": "",
          "beforeHooks": [],
          "afterHooks": [],
          "tests": [
            {
              "title": "TC_001 Address as street and number should be provided  and cannot be left blank",
              "fullTitle": "US_010 Address of customer can be created TC_001 Address as street and number should be provided  and cannot be left blank",
              "timedOut": null,
              "duration": 29476,
              "state": "passed",
              "speed": "slow",
              "pass": true,
              "fail": false,
              "pending": false,
              "context": null,
              "code": "const state = window.testState;\nreturn cy\n  .then(() => state.onStartScenario(scenario, indexedSteps))\n  .then(() =>\n    resolveAndRunBeforeHooks.call(this, scenario.tags, state.feature.name)\n  )\n  .then(() =>\n    indexedSteps.forEach((step) =>\n      stepTest.call(this, state, step, rowData)\n    )\n  )\n  .then(() => state.onFinishScenario(scenario));",
              "err": {},
              "uuid": "8caa8017-ffcb-4a21-b476-45b1c43ad888",
              "parentUUID": "53b873a2-b443-487f-a090-98b72e527c22",
              "isHook": false,
              "skipped": false
            }
          ],
          "suites": [],
          "passes": [
            "8caa8017-ffcb-4a21-b476-45b1c43ad888"
          ],
          "failures": [],
          "pending": [],
          "skipped": [],
          "duration": 29476,
          "root": false,
          "rootEmpty": false,
          "_timeout": 2000
        }
      ],
      "passes": [],
      "failures": [],
      "pending": [],
      "skipped": [],
      "duration": 0,
      "root": true,
      "rootEmpty": true,
      "_timeout": 2000
    }
  ],
  "meta": {
    "mocha": {
      "version": "7.0.1"
    },
    "mochawesome": {
      "options": {
        "quiet": false,
        "reportFilename": "mochawesome",
        "saveHtml": false,
        "saveJson": true,
        "consoleReporter": "spec",
        "useInlineDiffs": false,
        "code": true
      },
      "version": "7.0.1"
    },
    "marge": {
      "options": {
        "id": "default",
        "reportDir": "cypress/reports/mocha",
        "quite": true,
        "overwrite": false,
        "html": false,
        "json": true
      },
      "version": "6.0.1"
    }
  }
}