{
  "stats": {
    "suites": 1,
    "tests": 2,
    "passes": 2,
    "pending": 0,
    "failures": 0,
    "start": "2022-01-29T19:45:15.966Z",
    "end": "2022-01-29T19:45:44.009Z",
    "duration": 28043,
    "testsRegistered": 2,
    "passPercent": 100,
    "pendingPercent": 0,
    "other": 0,
    "hasOther": false,
    "skipped": 0,
    "hasSkipped": false
  },
  "results": [
    {
      "uuid": "a8d645aa-9e27-467a-82b1-2e74998df4e3",
      "title": "",
      "fullFile": "cypress/integration/US_008.feature",
      "file": "cypress/integration/US_008.feature",
      "beforeHooks": [],
      "afterHooks": [],
      "tests": [],
      "suites": [
        {
          "uuid": "c361fca3-09f4-4494-9551-9852e12b1acf",
          "title": "US_008 user in password page",
          "fullFile": "",
          "file": "",
          "beforeHooks": [],
          "afterHooks": [],
          "tests": [
            {
              "title": "TC001 same password not to be repeat",
              "fullTitle": "US_008 user in password page TC001 same password not to be repeat",
              "timedOut": null,
              "duration": 17551,
              "state": "passed",
              "speed": "slow",
              "pass": true,
              "fail": false,
              "pending": false,
              "context": null,
              "code": "const state = window.testState;\nreturn cy\n  .then(() => state.onStartScenario(scenario, indexedSteps))\n  .then(() =>\n    resolveAndRunBeforeHooks.call(this, scenario.tags, state.feature.name)\n  )\n  .then(() =>\n    indexedSteps.forEach((step) =>\n      stepTest.call(this, state, step, rowData)\n    )\n  )\n  .then(() => state.onFinishScenario(scenario));",
              "err": {},
              "uuid": "dce987e9-025b-4683-9ad7-706aa2c873ed",
              "parentUUID": "c361fca3-09f4-4494-9551-9852e12b1acf",
              "isHook": false,
              "skipped": false
            },
            {
              "title": "TC002 different passwords with different forms",
              "fullTitle": "US_008 user in password page TC002 different passwords with different forms",
              "timedOut": null,
              "duration": 7366,
              "state": "passed",
              "speed": "medium",
              "pass": true,
              "fail": false,
              "pending": false,
              "context": null,
              "code": "const state = window.testState;\nreturn cy\n  .then(() => state.onStartScenario(scenario, indexedSteps))\n  .then(() =>\n    resolveAndRunBeforeHooks.call(this, scenario.tags, state.feature.name)\n  )\n  .then(() =>\n    indexedSteps.forEach((step) =>\n      stepTest.call(this, state, step, rowData)\n    )\n  )\n  .then(() => state.onFinishScenario(scenario));",
              "err": {},
              "uuid": "0c1676fb-c88d-4888-b002-4aa5116bdf8c",
              "parentUUID": "c361fca3-09f4-4494-9551-9852e12b1acf",
              "isHook": false,
              "skipped": false
            }
          ],
          "suites": [],
          "passes": [
            "dce987e9-025b-4683-9ad7-706aa2c873ed",
            "0c1676fb-c88d-4888-b002-4aa5116bdf8c"
          ],
          "failures": [],
          "pending": [],
          "skipped": [],
          "duration": 24917,
          "root": false,
          "rootEmpty": false,
          "_timeout": 2000
        }
      ],
      "passes": [],
      "failures": [],
      "pending": [],
      "skipped": [],
      "duration": 0,
      "root": true,
      "rootEmpty": true,
      "_timeout": 2000
    }
  ],
  "meta": {
    "mocha": {
      "version": "7.0.1"
    },
    "mochawesome": {
      "options": {
        "quiet": false,
        "reportFilename": "mochawesome",
        "saveHtml": false,
        "saveJson": true,
        "consoleReporter": "spec",
        "useInlineDiffs": false,
        "code": true
      },
      "version": "7.0.1"
    },
    "marge": {
      "options": {
        "id": "default",
        "reportDir": "cypress/reports/mocha",
        "quite": true,
        "overwrite": false,
        "html": false,
        "json": true
      },
      "version": "6.0.1"
    }
  }
}