{
  "stats": {
    "suites": 1,
    "tests": 2,
    "passes": 2,
    "pending": 0,
    "failures": 0,
    "start": "2022-01-30T20:15:47.678Z",
    "end": "2022-01-30T20:16:58.321Z",
    "duration": 70643,
    "testsRegistered": 2,
    "passPercent": 100,
    "pendingPercent": 0,
    "other": 0,
    "hasOther": false,
    "skipped": 0,
    "hasSkipped": false
  },
  "results": [
    {
      "uuid": "810b79e5-a8dc-43d8-aa5a-a7626bb2c52f",
      "title": "",
      "fullFile": "cypress/integration/US_007.feature",
      "file": "cypress/integration/US_007.feature",
      "beforeHooks": [],
      "afterHooks": [],
      "tests": [],
      "suites": [
        {
          "uuid": "8433c6c4-f5f7-4cff-b7e9-5cdae8d7d4fa",
          "title": "US_007 Sistem, geçersiz kimlik bilgileriyle güncelleme yapilmasina izin vermemelidir.",
          "fullFile": "",
          "file": "",
          "beforeHooks": [],
          "afterHooks": [],
          "tests": [
            {
              "title": "TC_001 Email id cannot contain just digits or chars without \"@\" sign or \".\" extension",
              "fullTitle": "US_007 Sistem, geçersiz kimlik bilgileriyle güncelleme yapilmasina izin vermemelidir. TC_001 Email id cannot contain just digits or chars without \"@\" sign or \".\" extension",
              "timedOut": null,
              "duration": 55367,
              "state": "passed",
              "speed": "slow",
              "pass": true,
              "fail": false,
              "pending": false,
              "context": null,
              "code": "const state = window.testState;\nreturn cy\n  .then(() => state.onStartScenario(scenario, indexedSteps))\n  .then(() =>\n    resolveAndRunBeforeHooks.call(this, scenario.tags, state.feature.name)\n  )\n  .then(() =>\n    indexedSteps.forEach((step) =>\n      stepTest.call(this, state, step, rowData)\n    )\n  )\n  .then(() => state.onFinishScenario(scenario));",
              "err": {},
              "uuid": "60d72778-9cce-4828-9812-5426ea5ed9c0",
              "parentUUID": "8433c6c4-f5f7-4cff-b7e9-5cdae8d7d4fa",
              "isHook": false,
              "skipped": false
            },
            {
              "title": "TC_002 There should not be an option of any other language other than English or Turkish",
              "fullTitle": "US_007 Sistem, geçersiz kimlik bilgileriyle güncelleme yapilmasina izin vermemelidir. TC_002 There should not be an option of any other language other than English or Turkish",
              "timedOut": null,
              "duration": 4935,
              "state": "passed",
              "speed": "fast",
              "pass": true,
              "fail": false,
              "pending": false,
              "context": null,
              "code": "const state = window.testState;\nreturn cy\n  .then(() => state.onStartScenario(scenario, indexedSteps))\n  .then(() =>\n    resolveAndRunBeforeHooks.call(this, scenario.tags, state.feature.name)\n  )\n  .then(() =>\n    indexedSteps.forEach((step) =>\n      stepTest.call(this, state, step, rowData)\n    )\n  )\n  .then(() => state.onFinishScenario(scenario));",
              "err": {},
              "uuid": "0f276151-50a3-4ea3-8c6b-bb26dff5c57b",
              "parentUUID": "8433c6c4-f5f7-4cff-b7e9-5cdae8d7d4fa",
              "isHook": false,
              "skipped": false
            }
          ],
          "suites": [],
          "passes": [
            "60d72778-9cce-4828-9812-5426ea5ed9c0",
            "0f276151-50a3-4ea3-8c6b-bb26dff5c57b"
          ],
          "failures": [],
          "pending": [],
          "skipped": [],
          "duration": 60302,
          "root": false,
          "rootEmpty": false,
          "_timeout": 2000
        }
      ],
      "passes": [],
      "failures": [],
      "pending": [],
      "skipped": [],
      "duration": 0,
      "root": true,
      "rootEmpty": true,
      "_timeout": 2000
    }
  ],
  "meta": {
    "mocha": {
      "version": "7.0.1"
    },
    "mochawesome": {
      "options": {
        "quiet": false,
        "reportFilename": "mochawesome",
        "saveHtml": false,
        "saveJson": true,
        "consoleReporter": "spec",
        "useInlineDiffs": false,
        "code": true
      },
      "version": "7.0.1"
    },
    "marge": {
      "options": {
        "id": "default",
        "reportDir": "cypress/reports/mocha",
        "quite": true,
        "overwrite": false,
        "html": false,
        "json": true
      },
      "version": "6.0.1"
    }
  }
}