{
  "stats": {
    "suites": 1,
    "tests": 2,
    "passes": 2,
    "pending": 0,
    "failures": 0,
    "start": "2022-02-01T18:39:22.948Z",
    "end": "2022-02-01T18:39:58.339Z",
    "duration": 35391,
    "testsRegistered": 2,
    "passPercent": 100,
    "pendingPercent": 0,
    "other": 0,
    "hasOther": false,
    "skipped": 0,
    "hasSkipped": false
  },
  "results": [
    {
      "uuid": "cb1d39ed-fb60-4209-8cf7-2e36b5a15bcb",
      "title": "",
      "fullFile": "cypress/integration/US_008.feature",
      "file": "cypress/integration/US_008.feature",
      "beforeHooks": [],
      "afterHooks": [],
      "tests": [],
      "suites": [
        {
          "uuid": "e434ef1a-baa4-450d-b835-52a1aca97786",
          "title": "US_008 user in password page",
          "fullFile": "",
          "file": "",
          "beforeHooks": [],
          "afterHooks": [],
          "tests": [
            {
              "title": "TC001 same password not to be repeat",
              "fullTitle": "US_008 user in password page TC001 same password not to be repeat",
              "timedOut": null,
              "duration": 21201,
              "state": "passed",
              "speed": "slow",
              "pass": true,
              "fail": false,
              "pending": false,
              "context": null,
              "code": "const state = window.testState;\nreturn cy\n  .then(() => state.onStartScenario(scenario, indexedSteps))\n  .then(() =>\n    resolveAndRunBeforeHooks.call(this, scenario.tags, state.feature.name)\n  )\n  .then(() =>\n    indexedSteps.forEach((step) =>\n      stepTest.call(this, state, step, rowData)\n    )\n  )\n  .then(() => state.onFinishScenario(scenario));",
              "err": {},
              "uuid": "6b57184a-ce12-49ad-abc7-1baf628bc105",
              "parentUUID": "e434ef1a-baa4-450d-b835-52a1aca97786",
              "isHook": false,
              "skipped": false
            },
            {
              "title": "TC002 different passwords with different forms",
              "fullTitle": "US_008 user in password page TC002 different passwords with different forms",
              "timedOut": null,
              "duration": 10290,
              "state": "passed",
              "speed": "slow",
              "pass": true,
              "fail": false,
              "pending": false,
              "context": null,
              "code": "const state = window.testState;\nreturn cy\n  .then(() => state.onStartScenario(scenario, indexedSteps))\n  .then(() =>\n    resolveAndRunBeforeHooks.call(this, scenario.tags, state.feature.name)\n  )\n  .then(() =>\n    indexedSteps.forEach((step) =>\n      stepTest.call(this, state, step, rowData)\n    )\n  )\n  .then(() => state.onFinishScenario(scenario));",
              "err": {},
              "uuid": "ee595c79-2948-4b1b-90af-8f48779bc608",
              "parentUUID": "e434ef1a-baa4-450d-b835-52a1aca97786",
              "isHook": false,
              "skipped": false
            }
          ],
          "suites": [],
          "passes": [
            "6b57184a-ce12-49ad-abc7-1baf628bc105",
            "ee595c79-2948-4b1b-90af-8f48779bc608"
          ],
          "failures": [],
          "pending": [],
          "skipped": [],
          "duration": 31491,
          "root": false,
          "rootEmpty": false,
          "_timeout": 2000
        }
      ],
      "passes": [],
      "failures": [],
      "pending": [],
      "skipped": [],
      "duration": 0,
      "root": true,
      "rootEmpty": true,
      "_timeout": 2000
    }
  ],
  "meta": {
    "mocha": {
      "version": "7.0.1"
    },
    "mochawesome": {
      "options": {
        "quiet": false,
        "reportFilename": "mochawesome",
        "saveHtml": false,
        "saveJson": true,
        "consoleReporter": "spec",
        "useInlineDiffs": false,
        "code": true
      },
      "version": "7.0.1"
    },
    "marge": {
      "options": {
        "id": "default",
        "reportDir": "cypress/reports/mocha",
        "quite": true,
        "overwrite": false,
        "html": false,
        "json": true
      },
      "version": "6.0.1"
    }
  }
}