{
  "stats": {
    "suites": 1,
    "tests": 25,
    "passes": 25,
    "pending": 0,
    "failures": 0,
    "start": "2022-01-30T20:05:40.945Z",
    "end": "2022-01-30T20:07:11.840Z",
    "duration": 90895,
    "testsRegistered": 25,
    "passPercent": 100,
    "pendingPercent": 0,
    "other": 0,
    "hasOther": false,
    "skipped": 0,
    "hasSkipped": false
  },
  "results": [
    {
      "uuid": "6dde1062-86a2-4c1a-843c-2d70d2cd021a",
      "title": "",
      "fullFile": "cypress/integration/US_002.feature",
      "file": "cypress/integration/US_002.feature",
      "beforeHooks": [],
      "afterHooks": [],
      "tests": [],
      "suites": [
        {
          "uuid": "6ca09ef0-6806-487b-abf4-f976b92a7dc1",
          "title": "US_002 user in registeration page",
          "fullFile": "",
          "file": "",
          "beforeHooks": [],
          "afterHooks": [],
          "tests": [
            {
              "title": "TC001 Any field on the registration page should not be left blank",
              "fullTitle": "US_002 user in registeration page TC001 Any field on the registration page should not be left blank",
              "timedOut": null,
              "duration": 35396,
              "state": "passed",
              "speed": "slow",
              "pass": true,
              "fail": false,
              "pending": false,
              "context": null,
              "code": "const state = window.testState;\nreturn cy\n  .then(() => state.onStartScenario(scenario, indexedSteps))\n  .then(() =>\n    resolveAndRunBeforeHooks.call(this, scenario.tags, state.feature.name)\n  )\n  .then(() =>\n    indexedSteps.forEach((step) =>\n      stepTest.call(this, state, step, rowData)\n    )\n  )\n  .then(() => state.onFinishScenario(scenario));",
              "err": {},
              "uuid": "c2fec0ec-eb33-4cd5-a2ab-838bc6505966",
              "parentUUID": "6ca09ef0-6806-487b-abf4-f976b92a7dc1",
              "isHook": false,
              "skipped": false
            },
            {
              "title": "TC002 SSN should be with \"-\" (example #1)",
              "fullTitle": "US_002 user in registeration page TC002 SSN should be with \"-\" (example #1)",
              "timedOut": null,
              "duration": 1933,
              "state": "passed",
              "speed": "fast",
              "pass": true,
              "fail": false,
              "pending": false,
              "context": null,
              "code": "const state = window.testState;\nreturn cy\n  .then(() => state.onStartScenario(scenario, indexedSteps))\n  .then(() =>\n    resolveAndRunBeforeHooks.call(this, scenario.tags, state.feature.name)\n  )\n  .then(() =>\n    indexedSteps.forEach((step) =>\n      stepTest.call(this, state, step, rowData)\n    )\n  )\n  .then(() => state.onFinishScenario(scenario));",
              "err": {},
              "uuid": "71adc89e-48be-42e9-b9e8-58ead9ed29ea",
              "parentUUID": "6ca09ef0-6806-487b-abf4-f976b92a7dc1",
              "isHook": false,
              "skipped": false
            },
            {
              "title": "TC002 SSN should be with \"-\" (example #2)",
              "fullTitle": "US_002 user in registeration page TC002 SSN should be with \"-\" (example #2)",
              "timedOut": null,
              "duration": 1442,
              "state": "passed",
              "speed": "fast",
              "pass": true,
              "fail": false,
              "pending": false,
              "context": null,
              "code": "const state = window.testState;\nreturn cy\n  .then(() => state.onStartScenario(scenario, indexedSteps))\n  .then(() =>\n    resolveAndRunBeforeHooks.call(this, scenario.tags, state.feature.name)\n  )\n  .then(() =>\n    indexedSteps.forEach((step) =>\n      stepTest.call(this, state, step, rowData)\n    )\n  )\n  .then(() => state.onFinishScenario(scenario));",
              "err": {},
              "uuid": "c47c63e6-a4df-4d79-9f06-05892f3d6baa",
              "parentUUID": "6ca09ef0-6806-487b-abf4-f976b92a7dc1",
              "isHook": false,
              "skipped": false
            },
            {
              "title": "TC002 SSN should be with \"-\" (example #3)",
              "fullTitle": "US_002 user in registeration page TC002 SSN should be with \"-\" (example #3)",
              "timedOut": null,
              "duration": 1326,
              "state": "passed",
              "speed": "fast",
              "pass": true,
              "fail": false,
              "pending": false,
              "context": null,
              "code": "const state = window.testState;\nreturn cy\n  .then(() => state.onStartScenario(scenario, indexedSteps))\n  .then(() =>\n    resolveAndRunBeforeHooks.call(this, scenario.tags, state.feature.name)\n  )\n  .then(() =>\n    indexedSteps.forEach((step) =>\n      stepTest.call(this, state, step, rowData)\n    )\n  )\n  .then(() => state.onFinishScenario(scenario));",
              "err": {},
              "uuid": "9e04d194-efc2-4f8d-840e-1686ac5c2ff9",
              "parentUUID": "6ca09ef0-6806-487b-abf4-f976b92a7dc1",
              "isHook": false,
              "skipped": false
            },
            {
              "title": "TC002 SSN should be with \"-\" (example #4)",
              "fullTitle": "US_002 user in registeration page TC002 SSN should be with \"-\" (example #4)",
              "timedOut": null,
              "duration": 1264,
              "state": "passed",
              "speed": "fast",
              "pass": true,
              "fail": false,
              "pending": false,
              "context": null,
              "code": "const state = window.testState;\nreturn cy\n  .then(() => state.onStartScenario(scenario, indexedSteps))\n  .then(() =>\n    resolveAndRunBeforeHooks.call(this, scenario.tags, state.feature.name)\n  )\n  .then(() =>\n    indexedSteps.forEach((step) =>\n      stepTest.call(this, state, step, rowData)\n    )\n  )\n  .then(() => state.onFinishScenario(scenario));",
              "err": {},
              "uuid": "67834f86-f5e9-4647-8c55-4e7f922a0922",
              "parentUUID": "6ca09ef0-6806-487b-abf4-f976b92a7dc1",
              "isHook": false,
              "skipped": false
            },
            {
              "title": "TC002 SSN should be with \"-\" (example #5)",
              "fullTitle": "US_002 user in registeration page TC002 SSN should be with \"-\" (example #5)",
              "timedOut": null,
              "duration": 1579,
              "state": "passed",
              "speed": "fast",
              "pass": true,
              "fail": false,
              "pending": false,
              "context": null,
              "code": "const state = window.testState;\nreturn cy\n  .then(() => state.onStartScenario(scenario, indexedSteps))\n  .then(() =>\n    resolveAndRunBeforeHooks.call(this, scenario.tags, state.feature.name)\n  )\n  .then(() =>\n    indexedSteps.forEach((step) =>\n      stepTest.call(this, state, step, rowData)\n    )\n  )\n  .then(() => state.onFinishScenario(scenario));",
              "err": {},
              "uuid": "d2c786ad-3640-4d7d-8b9e-5345ec03f037",
              "parentUUID": "6ca09ef0-6806-487b-abf4-f976b92a7dc1",
              "isHook": false,
              "skipped": false
            },
            {
              "title": "TC002 SSN should be with \"-\" (example #6)",
              "fullTitle": "US_002 user in registeration page TC002 SSN should be with \"-\" (example #6)",
              "timedOut": null,
              "duration": 1595,
              "state": "passed",
              "speed": "fast",
              "pass": true,
              "fail": false,
              "pending": false,
              "context": null,
              "code": "const state = window.testState;\nreturn cy\n  .then(() => state.onStartScenario(scenario, indexedSteps))\n  .then(() =>\n    resolveAndRunBeforeHooks.call(this, scenario.tags, state.feature.name)\n  )\n  .then(() =>\n    indexedSteps.forEach((step) =>\n      stepTest.call(this, state, step, rowData)\n    )\n  )\n  .then(() => state.onFinishScenario(scenario));",
              "err": {},
              "uuid": "78e2b0fe-58ce-48ae-93c0-edad2e035d42",
              "parentUUID": "6ca09ef0-6806-487b-abf4-f976b92a7dc1",
              "isHook": false,
              "skipped": false
            },
            {
              "title": "TC002 SSN should be with \"-\" (example #7)",
              "fullTitle": "US_002 user in registeration page TC002 SSN should be with \"-\" (example #7)",
              "timedOut": null,
              "duration": 1468,
              "state": "passed",
              "speed": "fast",
              "pass": true,
              "fail": false,
              "pending": false,
              "context": null,
              "code": "const state = window.testState;\nreturn cy\n  .then(() => state.onStartScenario(scenario, indexedSteps))\n  .then(() =>\n    resolveAndRunBeforeHooks.call(this, scenario.tags, state.feature.name)\n  )\n  .then(() =>\n    indexedSteps.forEach((step) =>\n      stepTest.call(this, state, step, rowData)\n    )\n  )\n  .then(() => state.onFinishScenario(scenario));",
              "err": {},
              "uuid": "03e8a985-7651-41af-8ae1-e6be9e383c12",
              "parentUUID": "6ca09ef0-6806-487b-abf4-f976b92a7dc1",
              "isHook": false,
              "skipped": false
            },
            {
              "title": "TC002 SSN should be with \"-\" (example #8)",
              "fullTitle": "US_002 user in registeration page TC002 SSN should be with \"-\" (example #8)",
              "timedOut": null,
              "duration": 1445,
              "state": "passed",
              "speed": "fast",
              "pass": true,
              "fail": false,
              "pending": false,
              "context": null,
              "code": "const state = window.testState;\nreturn cy\n  .then(() => state.onStartScenario(scenario, indexedSteps))\n  .then(() =>\n    resolveAndRunBeforeHooks.call(this, scenario.tags, state.feature.name)\n  )\n  .then(() =>\n    indexedSteps.forEach((step) =>\n      stepTest.call(this, state, step, rowData)\n    )\n  )\n  .then(() => state.onFinishScenario(scenario));",
              "err": {},
              "uuid": "d0dff72e-487d-4496-afcd-8af4de85958b",
              "parentUUID": "6ca09ef0-6806-487b-abf4-f976b92a7dc1",
              "isHook": false,
              "skipped": false
            },
            {
              "title": "TC002 SSN should be with \"-\" (example #9)",
              "fullTitle": "US_002 user in registeration page TC002 SSN should be with \"-\" (example #9)",
              "timedOut": null,
              "duration": 1390,
              "state": "passed",
              "speed": "fast",
              "pass": true,
              "fail": false,
              "pending": false,
              "context": null,
              "code": "const state = window.testState;\nreturn cy\n  .then(() => state.onStartScenario(scenario, indexedSteps))\n  .then(() =>\n    resolveAndRunBeforeHooks.call(this, scenario.tags, state.feature.name)\n  )\n  .then(() =>\n    indexedSteps.forEach((step) =>\n      stepTest.call(this, state, step, rowData)\n    )\n  )\n  .then(() => state.onFinishScenario(scenario));",
              "err": {},
              "uuid": "b48253b8-ceea-42e0-aef3-7dcb8ff06081",
              "parentUUID": "6ca09ef0-6806-487b-abf4-f976b92a7dc1",
              "isHook": false,
              "skipped": false
            },
            {
              "title": "TC003 phone number should be with \"-\" (example #1)",
              "fullTitle": "US_002 user in registeration page TC003 phone number should be with \"-\" (example #1)",
              "timedOut": null,
              "duration": 2513,
              "state": "passed",
              "speed": "fast",
              "pass": true,
              "fail": false,
              "pending": false,
              "context": null,
              "code": "const state = window.testState;\nreturn cy\n  .then(() => state.onStartScenario(scenario, indexedSteps))\n  .then(() =>\n    resolveAndRunBeforeHooks.call(this, scenario.tags, state.feature.name)\n  )\n  .then(() =>\n    indexedSteps.forEach((step) =>\n      stepTest.call(this, state, step, rowData)\n    )\n  )\n  .then(() => state.onFinishScenario(scenario));",
              "err": {},
              "uuid": "b7fd9732-2c5a-4f10-853f-c9e420bf89bb",
              "parentUUID": "6ca09ef0-6806-487b-abf4-f976b92a7dc1",
              "isHook": false,
              "skipped": false
            },
            {
              "title": "TC003 phone number should be with \"-\" (example #2)",
              "fullTitle": "US_002 user in registeration page TC003 phone number should be with \"-\" (example #2)",
              "timedOut": null,
              "duration": 2011,
              "state": "passed",
              "speed": "fast",
              "pass": true,
              "fail": false,
              "pending": false,
              "context": null,
              "code": "const state = window.testState;\nreturn cy\n  .then(() => state.onStartScenario(scenario, indexedSteps))\n  .then(() =>\n    resolveAndRunBeforeHooks.call(this, scenario.tags, state.feature.name)\n  )\n  .then(() =>\n    indexedSteps.forEach((step) =>\n      stepTest.call(this, state, step, rowData)\n    )\n  )\n  .then(() => state.onFinishScenario(scenario));",
              "err": {},
              "uuid": "4988e5cd-415f-47c3-b092-65930b14e8ab",
              "parentUUID": "6ca09ef0-6806-487b-abf4-f976b92a7dc1",
              "isHook": false,
              "skipped": false
            },
            {
              "title": "TC003 phone number should be with \"-\" (example #3)",
              "fullTitle": "US_002 user in registeration page TC003 phone number should be with \"-\" (example #3)",
              "timedOut": null,
              "duration": 2361,
              "state": "passed",
              "speed": "fast",
              "pass": true,
              "fail": false,
              "pending": false,
              "context": null,
              "code": "const state = window.testState;\nreturn cy\n  .then(() => state.onStartScenario(scenario, indexedSteps))\n  .then(() =>\n    resolveAndRunBeforeHooks.call(this, scenario.tags, state.feature.name)\n  )\n  .then(() =>\n    indexedSteps.forEach((step) =>\n      stepTest.call(this, state, step, rowData)\n    )\n  )\n  .then(() => state.onFinishScenario(scenario));",
              "err": {},
              "uuid": "06d29a91-7db0-4f4b-bc1f-1fab0dd25f94",
              "parentUUID": "6ca09ef0-6806-487b-abf4-f976b92a7dc1",
              "isHook": false,
              "skipped": false
            },
            {
              "title": "TC003 phone number should be with \"-\" (example #4)",
              "fullTitle": "US_002 user in registeration page TC003 phone number should be with \"-\" (example #4)",
              "timedOut": null,
              "duration": 1933,
              "state": "passed",
              "speed": "fast",
              "pass": true,
              "fail": false,
              "pending": false,
              "context": null,
              "code": "const state = window.testState;\nreturn cy\n  .then(() => state.onStartScenario(scenario, indexedSteps))\n  .then(() =>\n    resolveAndRunBeforeHooks.call(this, scenario.tags, state.feature.name)\n  )\n  .then(() =>\n    indexedSteps.forEach((step) =>\n      stepTest.call(this, state, step, rowData)\n    )\n  )\n  .then(() => state.onFinishScenario(scenario));",
              "err": {},
              "uuid": "8f853f0c-5ceb-436f-9b98-5ee6b387643e",
              "parentUUID": "6ca09ef0-6806-487b-abf4-f976b92a7dc1",
              "isHook": false,
              "skipped": false
            },
            {
              "title": "TC003 phone number should be with \"-\" (example #5)",
              "fullTitle": "US_002 user in registeration page TC003 phone number should be with \"-\" (example #5)",
              "timedOut": null,
              "duration": 1930,
              "state": "passed",
              "speed": "fast",
              "pass": true,
              "fail": false,
              "pending": false,
              "context": null,
              "code": "const state = window.testState;\nreturn cy\n  .then(() => state.onStartScenario(scenario, indexedSteps))\n  .then(() =>\n    resolveAndRunBeforeHooks.call(this, scenario.tags, state.feature.name)\n  )\n  .then(() =>\n    indexedSteps.forEach((step) =>\n      stepTest.call(this, state, step, rowData)\n    )\n  )\n  .then(() => state.onFinishScenario(scenario));",
              "err": {},
              "uuid": "56934cf6-a0ce-4826-8ec6-e8685c35fe04",
              "parentUUID": "6ca09ef0-6806-487b-abf4-f976b92a7dc1",
              "isHook": false,
              "skipped": false
            },
            {
              "title": "TC003 phone number should be with \"-\" (example #6)",
              "fullTitle": "US_002 user in registeration page TC003 phone number should be with \"-\" (example #6)",
              "timedOut": null,
              "duration": 1920,
              "state": "passed",
              "speed": "fast",
              "pass": true,
              "fail": false,
              "pending": false,
              "context": null,
              "code": "const state = window.testState;\nreturn cy\n  .then(() => state.onStartScenario(scenario, indexedSteps))\n  .then(() =>\n    resolveAndRunBeforeHooks.call(this, scenario.tags, state.feature.name)\n  )\n  .then(() =>\n    indexedSteps.forEach((step) =>\n      stepTest.call(this, state, step, rowData)\n    )\n  )\n  .then(() => state.onFinishScenario(scenario));",
              "err": {},
              "uuid": "51ba64c1-869e-40cd-9398-96f2af78d2f3",
              "parentUUID": "6ca09ef0-6806-487b-abf4-f976b92a7dc1",
              "isHook": false,
              "skipped": false
            },
            {
              "title": "TC003 phone number should be with \"-\" (example #7)",
              "fullTitle": "US_002 user in registeration page TC003 phone number should be with \"-\" (example #7)",
              "timedOut": null,
              "duration": 2015,
              "state": "passed",
              "speed": "fast",
              "pass": true,
              "fail": false,
              "pending": false,
              "context": null,
              "code": "const state = window.testState;\nreturn cy\n  .then(() => state.onStartScenario(scenario, indexedSteps))\n  .then(() =>\n    resolveAndRunBeforeHooks.call(this, scenario.tags, state.feature.name)\n  )\n  .then(() =>\n    indexedSteps.forEach((step) =>\n      stepTest.call(this, state, step, rowData)\n    )\n  )\n  .then(() => state.onFinishScenario(scenario));",
              "err": {},
              "uuid": "427b7866-743e-42ef-be2a-11c73560cdb5",
              "parentUUID": "6ca09ef0-6806-487b-abf4-f976b92a7dc1",
              "isHook": false,
              "skipped": false
            },
            {
              "title": "TC003 phone number should be with \"-\" (example #8)",
              "fullTitle": "US_002 user in registeration page TC003 phone number should be with \"-\" (example #8)",
              "timedOut": null,
              "duration": 1995,
              "state": "passed",
              "speed": "fast",
              "pass": true,
              "fail": false,
              "pending": false,
              "context": null,
              "code": "const state = window.testState;\nreturn cy\n  .then(() => state.onStartScenario(scenario, indexedSteps))\n  .then(() =>\n    resolveAndRunBeforeHooks.call(this, scenario.tags, state.feature.name)\n  )\n  .then(() =>\n    indexedSteps.forEach((step) =>\n      stepTest.call(this, state, step, rowData)\n    )\n  )\n  .then(() => state.onFinishScenario(scenario));",
              "err": {},
              "uuid": "e0cef6e0-e618-486d-b741-41f3132e509e",
              "parentUUID": "6ca09ef0-6806-487b-abf4-f976b92a7dc1",
              "isHook": false,
              "skipped": false
            },
            {
              "title": "TC003 phone number should be with \"-\" (example #9)",
              "fullTitle": "US_002 user in registeration page TC003 phone number should be with \"-\" (example #9)",
              "timedOut": null,
              "duration": 2064,
              "state": "passed",
              "speed": "fast",
              "pass": true,
              "fail": false,
              "pending": false,
              "context": null,
              "code": "const state = window.testState;\nreturn cy\n  .then(() => state.onStartScenario(scenario, indexedSteps))\n  .then(() =>\n    resolveAndRunBeforeHooks.call(this, scenario.tags, state.feature.name)\n  )\n  .then(() =>\n    indexedSteps.forEach((step) =>\n      stepTest.call(this, state, step, rowData)\n    )\n  )\n  .then(() => state.onFinishScenario(scenario));",
              "err": {},
              "uuid": "0d3f8f2e-a6bb-44c2-8077-39798b23e0a9",
              "parentUUID": "6ca09ef0-6806-487b-abf4-f976b92a7dc1",
              "isHook": false,
              "skipped": false
            },
            {
              "title": "TC004 email should be with \"@\" and \".\" (example #1)",
              "fullTitle": "US_002 user in registeration page TC004 email should be with \"@\" and \".\" (example #1)",
              "timedOut": null,
              "duration": 2778,
              "state": "passed",
              "speed": "fast",
              "pass": true,
              "fail": false,
              "pending": false,
              "context": null,
              "code": "const state = window.testState;\nreturn cy\n  .then(() => state.onStartScenario(scenario, indexedSteps))\n  .then(() =>\n    resolveAndRunBeforeHooks.call(this, scenario.tags, state.feature.name)\n  )\n  .then(() =>\n    indexedSteps.forEach((step) =>\n      stepTest.call(this, state, step, rowData)\n    )\n  )\n  .then(() => state.onFinishScenario(scenario));",
              "err": {},
              "uuid": "9e948f55-4d99-48b4-b9e7-29ffe9c16192",
              "parentUUID": "6ca09ef0-6806-487b-abf4-f976b92a7dc1",
              "isHook": false,
              "skipped": false
            },
            {
              "title": "TC004 email should be with \"@\" and \".\" (example #2)",
              "fullTitle": "US_002 user in registeration page TC004 email should be with \"@\" and \".\" (example #2)",
              "timedOut": null,
              "duration": 2309,
              "state": "passed",
              "speed": "fast",
              "pass": true,
              "fail": false,
              "pending": false,
              "context": null,
              "code": "const state = window.testState;\nreturn cy\n  .then(() => state.onStartScenario(scenario, indexedSteps))\n  .then(() =>\n    resolveAndRunBeforeHooks.call(this, scenario.tags, state.feature.name)\n  )\n  .then(() =>\n    indexedSteps.forEach((step) =>\n      stepTest.call(this, state, step, rowData)\n    )\n  )\n  .then(() => state.onFinishScenario(scenario));",
              "err": {},
              "uuid": "65358d98-7735-4707-ae9d-eac37a88efc4",
              "parentUUID": "6ca09ef0-6806-487b-abf4-f976b92a7dc1",
              "isHook": false,
              "skipped": false
            },
            {
              "title": "TC004 email should be with \"@\" and \".\" (example #3)",
              "fullTitle": "US_002 user in registeration page TC004 email should be with \"@\" and \".\" (example #3)",
              "timedOut": null,
              "duration": 2193,
              "state": "passed",
              "speed": "fast",
              "pass": true,
              "fail": false,
              "pending": false,
              "context": null,
              "code": "const state = window.testState;\nreturn cy\n  .then(() => state.onStartScenario(scenario, indexedSteps))\n  .then(() =>\n    resolveAndRunBeforeHooks.call(this, scenario.tags, state.feature.name)\n  )\n  .then(() =>\n    indexedSteps.forEach((step) =>\n      stepTest.call(this, state, step, rowData)\n    )\n  )\n  .then(() => state.onFinishScenario(scenario));",
              "err": {},
              "uuid": "886e90b9-b958-4d13-8d52-94c530352558",
              "parentUUID": "6ca09ef0-6806-487b-abf4-f976b92a7dc1",
              "isHook": false,
              "skipped": false
            },
            {
              "title": "TC004 email should be with \"@\" and \".\" (example #4)",
              "fullTitle": "US_002 user in registeration page TC004 email should be with \"@\" and \".\" (example #4)",
              "timedOut": null,
              "duration": 2160,
              "state": "passed",
              "speed": "fast",
              "pass": true,
              "fail": false,
              "pending": false,
              "context": null,
              "code": "const state = window.testState;\nreturn cy\n  .then(() => state.onStartScenario(scenario, indexedSteps))\n  .then(() =>\n    resolveAndRunBeforeHooks.call(this, scenario.tags, state.feature.name)\n  )\n  .then(() =>\n    indexedSteps.forEach((step) =>\n      stepTest.call(this, state, step, rowData)\n    )\n  )\n  .then(() => state.onFinishScenario(scenario));",
              "err": {},
              "uuid": "2d420933-fb9f-418f-9009-04a6f4fdc180",
              "parentUUID": "6ca09ef0-6806-487b-abf4-f976b92a7dc1",
              "isHook": false,
              "skipped": false
            },
            {
              "title": "TC004 email should be with \"@\" and \".\" (example #5)",
              "fullTitle": "US_002 user in registeration page TC004 email should be with \"@\" and \".\" (example #5)",
              "timedOut": null,
              "duration": 2502,
              "state": "passed",
              "speed": "fast",
              "pass": true,
              "fail": false,
              "pending": false,
              "context": null,
              "code": "const state = window.testState;\nreturn cy\n  .then(() => state.onStartScenario(scenario, indexedSteps))\n  .then(() =>\n    resolveAndRunBeforeHooks.call(this, scenario.tags, state.feature.name)\n  )\n  .then(() =>\n    indexedSteps.forEach((step) =>\n      stepTest.call(this, state, step, rowData)\n    )\n  )\n  .then(() => state.onFinishScenario(scenario));",
              "err": {},
              "uuid": "05438615-d3fa-4207-89ca-b63e6fc6e91c",
              "parentUUID": "6ca09ef0-6806-487b-abf4-f976b92a7dc1",
              "isHook": false,
              "skipped": false
            },
            {
              "title": "TC004 email should be with \"@\" and \".\" (example #6)",
              "fullTitle": "US_002 user in registeration page TC004 email should be with \"@\" and \".\" (example #6)",
              "timedOut": null,
              "duration": 2748,
              "state": "passed",
              "speed": "fast",
              "pass": true,
              "fail": false,
              "pending": false,
              "context": null,
              "code": "const state = window.testState;\nreturn cy\n  .then(() => state.onStartScenario(scenario, indexedSteps))\n  .then(() =>\n    resolveAndRunBeforeHooks.call(this, scenario.tags, state.feature.name)\n  )\n  .then(() =>\n    indexedSteps.forEach((step) =>\n      stepTest.call(this, state, step, rowData)\n    )\n  )\n  .then(() => state.onFinishScenario(scenario));",
              "err": {},
              "uuid": "cfd97c66-e680-4abc-b9f4-7639e0fcc434",
              "parentUUID": "6ca09ef0-6806-487b-abf4-f976b92a7dc1",
              "isHook": false,
              "skipped": false
            }
          ],
          "suites": [],
          "passes": [
            "c2fec0ec-eb33-4cd5-a2ab-838bc6505966",
            "71adc89e-48be-42e9-b9e8-58ead9ed29ea",
            "c47c63e6-a4df-4d79-9f06-05892f3d6baa",
            "9e04d194-efc2-4f8d-840e-1686ac5c2ff9",
            "67834f86-f5e9-4647-8c55-4e7f922a0922",
            "d2c786ad-3640-4d7d-8b9e-5345ec03f037",
            "78e2b0fe-58ce-48ae-93c0-edad2e035d42",
            "03e8a985-7651-41af-8ae1-e6be9e383c12",
            "d0dff72e-487d-4496-afcd-8af4de85958b",
            "b48253b8-ceea-42e0-aef3-7dcb8ff06081",
            "b7fd9732-2c5a-4f10-853f-c9e420bf89bb",
            "4988e5cd-415f-47c3-b092-65930b14e8ab",
            "06d29a91-7db0-4f4b-bc1f-1fab0dd25f94",
            "8f853f0c-5ceb-436f-9b98-5ee6b387643e",
            "56934cf6-a0ce-4826-8ec6-e8685c35fe04",
            "51ba64c1-869e-40cd-9398-96f2af78d2f3",
            "427b7866-743e-42ef-be2a-11c73560cdb5",
            "e0cef6e0-e618-486d-b741-41f3132e509e",
            "0d3f8f2e-a6bb-44c2-8077-39798b23e0a9",
            "9e948f55-4d99-48b4-b9e7-29ffe9c16192",
            "65358d98-7735-4707-ae9d-eac37a88efc4",
            "886e90b9-b958-4d13-8d52-94c530352558",
            "2d420933-fb9f-418f-9009-04a6f4fdc180",
            "05438615-d3fa-4207-89ca-b63e6fc6e91c",
            "cfd97c66-e680-4abc-b9f4-7639e0fcc434"
          ],
          "failures": [],
          "pending": [],
          "skipped": [],
          "duration": 82270,
          "root": false,
          "rootEmpty": false,
          "_timeout": 2000
        }
      ],
      "passes": [],
      "failures": [],
      "pending": [],
      "skipped": [],
      "duration": 0,
      "root": true,
      "rootEmpty": true,
      "_timeout": 2000
    }
  ],
  "meta": {
    "mocha": {
      "version": "7.0.1"
    },
    "mochawesome": {
      "options": {
        "quiet": false,
        "reportFilename": "mochawesome",
        "saveHtml": false,
        "saveJson": true,
        "consoleReporter": "spec",
        "useInlineDiffs": false,
        "code": true
      },
      "version": "7.0.1"
    },
    "marge": {
      "options": {
        "id": "default",
        "reportDir": "cypress/reports/mocha",
        "quite": true,
        "overwrite": false,
        "html": false,
        "json": true
      },
      "version": "6.0.1"
    }
  }
}