{
  "stats": {
    "suites": 1,
    "tests": 25,
    "passes": 25,
    "pending": 0,
    "failures": 0,
    "start": "2022-01-31T19:20:08.231Z",
    "end": "2022-01-31T19:20:56.274Z",
    "duration": 48043,
    "testsRegistered": 25,
    "passPercent": 100,
    "pendingPercent": 0,
    "other": 0,
    "hasOther": false,
    "skipped": 0,
    "hasSkipped": false
  },
  "results": [
    {
      "uuid": "51e208a2-f1d5-46d0-8b8a-ffdc7d33ee08",
      "title": "",
      "fullFile": "cypress/integration/US_002.feature",
      "file": "cypress/integration/US_002.feature",
      "beforeHooks": [],
      "afterHooks": [],
      "tests": [],
      "suites": [
        {
          "uuid": "7f4f96bc-cb9c-4b74-9067-8107321cb805",
          "title": "US_002 user in registeration page",
          "fullFile": "",
          "file": "",
          "beforeHooks": [],
          "afterHooks": [],
          "tests": [
            {
              "title": "TC001 Any field on the registration page should not be left blank",
              "fullTitle": "US_002 user in registeration page TC001 Any field on the registration page should not be left blank",
              "timedOut": null,
              "duration": 15323,
              "state": "passed",
              "speed": "slow",
              "pass": true,
              "fail": false,
              "pending": false,
              "context": null,
              "code": "const state = window.testState;\nreturn cy\n  .then(() => state.onStartScenario(scenario, indexedSteps))\n  .then(() =>\n    resolveAndRunBeforeHooks.call(this, scenario.tags, state.feature.name)\n  )\n  .then(() =>\n    indexedSteps.forEach((step) =>\n      stepTest.call(this, state, step, rowData)\n    )\n  )\n  .then(() => state.onFinishScenario(scenario));",
              "err": {},
              "uuid": "0c0a9466-7e8d-43f5-9eb8-d14c16c9265b",
              "parentUUID": "7f4f96bc-cb9c-4b74-9067-8107321cb805",
              "isHook": false,
              "skipped": false
            },
            {
              "title": "TC002 SSN should be with \"-\" (example #1)",
              "fullTitle": "US_002 user in registeration page TC002 SSN should be with \"-\" (example #1)",
              "timedOut": null,
              "duration": 826,
              "state": "passed",
              "speed": "fast",
              "pass": true,
              "fail": false,
              "pending": false,
              "context": null,
              "code": "const state = window.testState;\nreturn cy\n  .then(() => state.onStartScenario(scenario, indexedSteps))\n  .then(() =>\n    resolveAndRunBeforeHooks.call(this, scenario.tags, state.feature.name)\n  )\n  .then(() =>\n    indexedSteps.forEach((step) =>\n      stepTest.call(this, state, step, rowData)\n    )\n  )\n  .then(() => state.onFinishScenario(scenario));",
              "err": {},
              "uuid": "ec214579-9a7d-4b48-8535-e6022d69ec28",
              "parentUUID": "7f4f96bc-cb9c-4b74-9067-8107321cb805",
              "isHook": false,
              "skipped": false
            },
            {
              "title": "TC002 SSN should be with \"-\" (example #2)",
              "fullTitle": "US_002 user in registeration page TC002 SSN should be with \"-\" (example #2)",
              "timedOut": null,
              "duration": 603,
              "state": "passed",
              "speed": "fast",
              "pass": true,
              "fail": false,
              "pending": false,
              "context": null,
              "code": "const state = window.testState;\nreturn cy\n  .then(() => state.onStartScenario(scenario, indexedSteps))\n  .then(() =>\n    resolveAndRunBeforeHooks.call(this, scenario.tags, state.feature.name)\n  )\n  .then(() =>\n    indexedSteps.forEach((step) =>\n      stepTest.call(this, state, step, rowData)\n    )\n  )\n  .then(() => state.onFinishScenario(scenario));",
              "err": {},
              "uuid": "139aa195-ec10-4121-b04b-9af1e049ef06",
              "parentUUID": "7f4f96bc-cb9c-4b74-9067-8107321cb805",
              "isHook": false,
              "skipped": false
            },
            {
              "title": "TC002 SSN should be with \"-\" (example #3)",
              "fullTitle": "US_002 user in registeration page TC002 SSN should be with \"-\" (example #3)",
              "timedOut": null,
              "duration": 604,
              "state": "passed",
              "speed": "fast",
              "pass": true,
              "fail": false,
              "pending": false,
              "context": null,
              "code": "const state = window.testState;\nreturn cy\n  .then(() => state.onStartScenario(scenario, indexedSteps))\n  .then(() =>\n    resolveAndRunBeforeHooks.call(this, scenario.tags, state.feature.name)\n  )\n  .then(() =>\n    indexedSteps.forEach((step) =>\n      stepTest.call(this, state, step, rowData)\n    )\n  )\n  .then(() => state.onFinishScenario(scenario));",
              "err": {},
              "uuid": "c90aba14-5f3f-418e-9068-c66e5005cd5d",
              "parentUUID": "7f4f96bc-cb9c-4b74-9067-8107321cb805",
              "isHook": false,
              "skipped": false
            },
            {
              "title": "TC002 SSN should be with \"-\" (example #4)",
              "fullTitle": "US_002 user in registeration page TC002 SSN should be with \"-\" (example #4)",
              "timedOut": null,
              "duration": 640,
              "state": "passed",
              "speed": "fast",
              "pass": true,
              "fail": false,
              "pending": false,
              "context": null,
              "code": "const state = window.testState;\nreturn cy\n  .then(() => state.onStartScenario(scenario, indexedSteps))\n  .then(() =>\n    resolveAndRunBeforeHooks.call(this, scenario.tags, state.feature.name)\n  )\n  .then(() =>\n    indexedSteps.forEach((step) =>\n      stepTest.call(this, state, step, rowData)\n    )\n  )\n  .then(() => state.onFinishScenario(scenario));",
              "err": {},
              "uuid": "52a14fe9-20f4-4b64-b87f-90500c8d1587",
              "parentUUID": "7f4f96bc-cb9c-4b74-9067-8107321cb805",
              "isHook": false,
              "skipped": false
            },
            {
              "title": "TC002 SSN should be with \"-\" (example #5)",
              "fullTitle": "US_002 user in registeration page TC002 SSN should be with \"-\" (example #5)",
              "timedOut": null,
              "duration": 597,
              "state": "passed",
              "speed": "fast",
              "pass": true,
              "fail": false,
              "pending": false,
              "context": null,
              "code": "const state = window.testState;\nreturn cy\n  .then(() => state.onStartScenario(scenario, indexedSteps))\n  .then(() =>\n    resolveAndRunBeforeHooks.call(this, scenario.tags, state.feature.name)\n  )\n  .then(() =>\n    indexedSteps.forEach((step) =>\n      stepTest.call(this, state, step, rowData)\n    )\n  )\n  .then(() => state.onFinishScenario(scenario));",
              "err": {},
              "uuid": "3cab4a86-1348-4896-bc04-d8eb9c5d0330",
              "parentUUID": "7f4f96bc-cb9c-4b74-9067-8107321cb805",
              "isHook": false,
              "skipped": false
            },
            {
              "title": "TC002 SSN should be with \"-\" (example #6)",
              "fullTitle": "US_002 user in registeration page TC002 SSN should be with \"-\" (example #6)",
              "timedOut": null,
              "duration": 566,
              "state": "passed",
              "speed": "fast",
              "pass": true,
              "fail": false,
              "pending": false,
              "context": null,
              "code": "const state = window.testState;\nreturn cy\n  .then(() => state.onStartScenario(scenario, indexedSteps))\n  .then(() =>\n    resolveAndRunBeforeHooks.call(this, scenario.tags, state.feature.name)\n  )\n  .then(() =>\n    indexedSteps.forEach((step) =>\n      stepTest.call(this, state, step, rowData)\n    )\n  )\n  .then(() => state.onFinishScenario(scenario));",
              "err": {},
              "uuid": "a7ab3cbb-375f-4e4f-84c9-0edcd8f45b9a",
              "parentUUID": "7f4f96bc-cb9c-4b74-9067-8107321cb805",
              "isHook": false,
              "skipped": false
            },
            {
              "title": "TC002 SSN should be with \"-\" (example #7)",
              "fullTitle": "US_002 user in registeration page TC002 SSN should be with \"-\" (example #7)",
              "timedOut": null,
              "duration": 597,
              "state": "passed",
              "speed": "fast",
              "pass": true,
              "fail": false,
              "pending": false,
              "context": null,
              "code": "const state = window.testState;\nreturn cy\n  .then(() => state.onStartScenario(scenario, indexedSteps))\n  .then(() =>\n    resolveAndRunBeforeHooks.call(this, scenario.tags, state.feature.name)\n  )\n  .then(() =>\n    indexedSteps.forEach((step) =>\n      stepTest.call(this, state, step, rowData)\n    )\n  )\n  .then(() => state.onFinishScenario(scenario));",
              "err": {},
              "uuid": "3b3c8960-a9e1-4951-98cb-34feecab5906",
              "parentUUID": "7f4f96bc-cb9c-4b74-9067-8107321cb805",
              "isHook": false,
              "skipped": false
            },
            {
              "title": "TC002 SSN should be with \"-\" (example #8)",
              "fullTitle": "US_002 user in registeration page TC002 SSN should be with \"-\" (example #8)",
              "timedOut": null,
              "duration": 593,
              "state": "passed",
              "speed": "fast",
              "pass": true,
              "fail": false,
              "pending": false,
              "context": null,
              "code": "const state = window.testState;\nreturn cy\n  .then(() => state.onStartScenario(scenario, indexedSteps))\n  .then(() =>\n    resolveAndRunBeforeHooks.call(this, scenario.tags, state.feature.name)\n  )\n  .then(() =>\n    indexedSteps.forEach((step) =>\n      stepTest.call(this, state, step, rowData)\n    )\n  )\n  .then(() => state.onFinishScenario(scenario));",
              "err": {},
              "uuid": "e53e3079-357d-4cf4-94d4-b06e1e3a9071",
              "parentUUID": "7f4f96bc-cb9c-4b74-9067-8107321cb805",
              "isHook": false,
              "skipped": false
            },
            {
              "title": "TC002 SSN should be with \"-\" (example #9)",
              "fullTitle": "US_002 user in registeration page TC002 SSN should be with \"-\" (example #9)",
              "timedOut": null,
              "duration": 584,
              "state": "passed",
              "speed": "fast",
              "pass": true,
              "fail": false,
              "pending": false,
              "context": null,
              "code": "const state = window.testState;\nreturn cy\n  .then(() => state.onStartScenario(scenario, indexedSteps))\n  .then(() =>\n    resolveAndRunBeforeHooks.call(this, scenario.tags, state.feature.name)\n  )\n  .then(() =>\n    indexedSteps.forEach((step) =>\n      stepTest.call(this, state, step, rowData)\n    )\n  )\n  .then(() => state.onFinishScenario(scenario));",
              "err": {},
              "uuid": "5e23b334-0a8d-45f6-81ad-1050bfcb3e54",
              "parentUUID": "7f4f96bc-cb9c-4b74-9067-8107321cb805",
              "isHook": false,
              "skipped": false
            },
            {
              "title": "TC003 phone number should be with \"-\" (example #1)",
              "fullTitle": "US_002 user in registeration page TC003 phone number should be with \"-\" (example #1)",
              "timedOut": null,
              "duration": 1589,
              "state": "passed",
              "speed": "fast",
              "pass": true,
              "fail": false,
              "pending": false,
              "context": null,
              "code": "const state = window.testState;\nreturn cy\n  .then(() => state.onStartScenario(scenario, indexedSteps))\n  .then(() =>\n    resolveAndRunBeforeHooks.call(this, scenario.tags, state.feature.name)\n  )\n  .then(() =>\n    indexedSteps.forEach((step) =>\n      stepTest.call(this, state, step, rowData)\n    )\n  )\n  .then(() => state.onFinishScenario(scenario));",
              "err": {},
              "uuid": "3e75c27e-b300-474a-9ce4-66e38e76a09c",
              "parentUUID": "7f4f96bc-cb9c-4b74-9067-8107321cb805",
              "isHook": false,
              "skipped": false
            },
            {
              "title": "TC003 phone number should be with \"-\" (example #2)",
              "fullTitle": "US_002 user in registeration page TC003 phone number should be with \"-\" (example #2)",
              "timedOut": null,
              "duration": 1451,
              "state": "passed",
              "speed": "fast",
              "pass": true,
              "fail": false,
              "pending": false,
              "context": null,
              "code": "const state = window.testState;\nreturn cy\n  .then(() => state.onStartScenario(scenario, indexedSteps))\n  .then(() =>\n    resolveAndRunBeforeHooks.call(this, scenario.tags, state.feature.name)\n  )\n  .then(() =>\n    indexedSteps.forEach((step) =>\n      stepTest.call(this, state, step, rowData)\n    )\n  )\n  .then(() => state.onFinishScenario(scenario));",
              "err": {},
              "uuid": "68903867-9047-4a18-8fb7-d1085a40e1fa",
              "parentUUID": "7f4f96bc-cb9c-4b74-9067-8107321cb805",
              "isHook": false,
              "skipped": false
            },
            {
              "title": "TC003 phone number should be with \"-\" (example #3)",
              "fullTitle": "US_002 user in registeration page TC003 phone number should be with \"-\" (example #3)",
              "timedOut": null,
              "duration": 1619,
              "state": "passed",
              "speed": "fast",
              "pass": true,
              "fail": false,
              "pending": false,
              "context": null,
              "code": "const state = window.testState;\nreturn cy\n  .then(() => state.onStartScenario(scenario, indexedSteps))\n  .then(() =>\n    resolveAndRunBeforeHooks.call(this, scenario.tags, state.feature.name)\n  )\n  .then(() =>\n    indexedSteps.forEach((step) =>\n      stepTest.call(this, state, step, rowData)\n    )\n  )\n  .then(() => state.onFinishScenario(scenario));",
              "err": {},
              "uuid": "4f01d181-7946-4856-aeea-039f4ace7e52",
              "parentUUID": "7f4f96bc-cb9c-4b74-9067-8107321cb805",
              "isHook": false,
              "skipped": false
            },
            {
              "title": "TC003 phone number should be with \"-\" (example #4)",
              "fullTitle": "US_002 user in registeration page TC003 phone number should be with \"-\" (example #4)",
              "timedOut": null,
              "duration": 1384,
              "state": "passed",
              "speed": "fast",
              "pass": true,
              "fail": false,
              "pending": false,
              "context": null,
              "code": "const state = window.testState;\nreturn cy\n  .then(() => state.onStartScenario(scenario, indexedSteps))\n  .then(() =>\n    resolveAndRunBeforeHooks.call(this, scenario.tags, state.feature.name)\n  )\n  .then(() =>\n    indexedSteps.forEach((step) =>\n      stepTest.call(this, state, step, rowData)\n    )\n  )\n  .then(() => state.onFinishScenario(scenario));",
              "err": {},
              "uuid": "7f55b55f-76a9-4ff0-9339-8b2c6ff9fdca",
              "parentUUID": "7f4f96bc-cb9c-4b74-9067-8107321cb805",
              "isHook": false,
              "skipped": false
            },
            {
              "title": "TC003 phone number should be with \"-\" (example #5)",
              "fullTitle": "US_002 user in registeration page TC003 phone number should be with \"-\" (example #5)",
              "timedOut": null,
              "duration": 1438,
              "state": "passed",
              "speed": "fast",
              "pass": true,
              "fail": false,
              "pending": false,
              "context": null,
              "code": "const state = window.testState;\nreturn cy\n  .then(() => state.onStartScenario(scenario, indexedSteps))\n  .then(() =>\n    resolveAndRunBeforeHooks.call(this, scenario.tags, state.feature.name)\n  )\n  .then(() =>\n    indexedSteps.forEach((step) =>\n      stepTest.call(this, state, step, rowData)\n    )\n  )\n  .then(() => state.onFinishScenario(scenario));",
              "err": {},
              "uuid": "0148dfe3-bc61-4a9a-9df7-f82d912f9fab",
              "parentUUID": "7f4f96bc-cb9c-4b74-9067-8107321cb805",
              "isHook": false,
              "skipped": false
            },
            {
              "title": "TC003 phone number should be with \"-\" (example #6)",
              "fullTitle": "US_002 user in registeration page TC003 phone number should be with \"-\" (example #6)",
              "timedOut": null,
              "duration": 1379,
              "state": "passed",
              "speed": "fast",
              "pass": true,
              "fail": false,
              "pending": false,
              "context": null,
              "code": "const state = window.testState;\nreturn cy\n  .then(() => state.onStartScenario(scenario, indexedSteps))\n  .then(() =>\n    resolveAndRunBeforeHooks.call(this, scenario.tags, state.feature.name)\n  )\n  .then(() =>\n    indexedSteps.forEach((step) =>\n      stepTest.call(this, state, step, rowData)\n    )\n  )\n  .then(() => state.onFinishScenario(scenario));",
              "err": {},
              "uuid": "365c7fa3-9df8-445b-9dcf-be9cb3c0f09a",
              "parentUUID": "7f4f96bc-cb9c-4b74-9067-8107321cb805",
              "isHook": false,
              "skipped": false
            },
            {
              "title": "TC003 phone number should be with \"-\" (example #7)",
              "fullTitle": "US_002 user in registeration page TC003 phone number should be with \"-\" (example #7)",
              "timedOut": null,
              "duration": 1388,
              "state": "passed",
              "speed": "fast",
              "pass": true,
              "fail": false,
              "pending": false,
              "context": null,
              "code": "const state = window.testState;\nreturn cy\n  .then(() => state.onStartScenario(scenario, indexedSteps))\n  .then(() =>\n    resolveAndRunBeforeHooks.call(this, scenario.tags, state.feature.name)\n  )\n  .then(() =>\n    indexedSteps.forEach((step) =>\n      stepTest.call(this, state, step, rowData)\n    )\n  )\n  .then(() => state.onFinishScenario(scenario));",
              "err": {},
              "uuid": "71f4d47e-c368-4081-aa1d-d52c8facb872",
              "parentUUID": "7f4f96bc-cb9c-4b74-9067-8107321cb805",
              "isHook": false,
              "skipped": false
            },
            {
              "title": "TC003 phone number should be with \"-\" (example #8)",
              "fullTitle": "US_002 user in registeration page TC003 phone number should be with \"-\" (example #8)",
              "timedOut": null,
              "duration": 1432,
              "state": "passed",
              "speed": "fast",
              "pass": true,
              "fail": false,
              "pending": false,
              "context": null,
              "code": "const state = window.testState;\nreturn cy\n  .then(() => state.onStartScenario(scenario, indexedSteps))\n  .then(() =>\n    resolveAndRunBeforeHooks.call(this, scenario.tags, state.feature.name)\n  )\n  .then(() =>\n    indexedSteps.forEach((step) =>\n      stepTest.call(this, state, step, rowData)\n    )\n  )\n  .then(() => state.onFinishScenario(scenario));",
              "err": {},
              "uuid": "412ab1a4-2a44-400f-b021-f7936e283ccf",
              "parentUUID": "7f4f96bc-cb9c-4b74-9067-8107321cb805",
              "isHook": false,
              "skipped": false
            },
            {
              "title": "TC003 phone number should be with \"-\" (example #9)",
              "fullTitle": "US_002 user in registeration page TC003 phone number should be with \"-\" (example #9)",
              "timedOut": null,
              "duration": 1391,
              "state": "passed",
              "speed": "fast",
              "pass": true,
              "fail": false,
              "pending": false,
              "context": null,
              "code": "const state = window.testState;\nreturn cy\n  .then(() => state.onStartScenario(scenario, indexedSteps))\n  .then(() =>\n    resolveAndRunBeforeHooks.call(this, scenario.tags, state.feature.name)\n  )\n  .then(() =>\n    indexedSteps.forEach((step) =>\n      stepTest.call(this, state, step, rowData)\n    )\n  )\n  .then(() => state.onFinishScenario(scenario));",
              "err": {},
              "uuid": "3feee2aa-b371-4699-8bb8-fc39970280b7",
              "parentUUID": "7f4f96bc-cb9c-4b74-9067-8107321cb805",
              "isHook": false,
              "skipped": false
            },
            {
              "title": "TC004 email should be with \"@\" and \".\" (example #1)",
              "fullTitle": "US_002 user in registeration page TC004 email should be with \"@\" and \".\" (example #1)",
              "timedOut": null,
              "duration": 1761,
              "state": "passed",
              "speed": "fast",
              "pass": true,
              "fail": false,
              "pending": false,
              "context": null,
              "code": "const state = window.testState;\nreturn cy\n  .then(() => state.onStartScenario(scenario, indexedSteps))\n  .then(() =>\n    resolveAndRunBeforeHooks.call(this, scenario.tags, state.feature.name)\n  )\n  .then(() =>\n    indexedSteps.forEach((step) =>\n      stepTest.call(this, state, step, rowData)\n    )\n  )\n  .then(() => state.onFinishScenario(scenario));",
              "err": {},
              "uuid": "ebe50e18-37f6-43dd-9790-e9aadeeb9537",
              "parentUUID": "7f4f96bc-cb9c-4b74-9067-8107321cb805",
              "isHook": false,
              "skipped": false
            },
            {
              "title": "TC004 email should be with \"@\" and \".\" (example #2)",
              "fullTitle": "US_002 user in registeration page TC004 email should be with \"@\" and \".\" (example #2)",
              "timedOut": null,
              "duration": 1639,
              "state": "passed",
              "speed": "fast",
              "pass": true,
              "fail": false,
              "pending": false,
              "context": null,
              "code": "const state = window.testState;\nreturn cy\n  .then(() => state.onStartScenario(scenario, indexedSteps))\n  .then(() =>\n    resolveAndRunBeforeHooks.call(this, scenario.tags, state.feature.name)\n  )\n  .then(() =>\n    indexedSteps.forEach((step) =>\n      stepTest.call(this, state, step, rowData)\n    )\n  )\n  .then(() => state.onFinishScenario(scenario));",
              "err": {},
              "uuid": "275a9e84-0afd-403c-95b8-d9fe2d2cad80",
              "parentUUID": "7f4f96bc-cb9c-4b74-9067-8107321cb805",
              "isHook": false,
              "skipped": false
            },
            {
              "title": "TC004 email should be with \"@\" and \".\" (example #3)",
              "fullTitle": "US_002 user in registeration page TC004 email should be with \"@\" and \".\" (example #3)",
              "timedOut": null,
              "duration": 1627,
              "state": "passed",
              "speed": "fast",
              "pass": true,
              "fail": false,
              "pending": false,
              "context": null,
              "code": "const state = window.testState;\nreturn cy\n  .then(() => state.onStartScenario(scenario, indexedSteps))\n  .then(() =>\n    resolveAndRunBeforeHooks.call(this, scenario.tags, state.feature.name)\n  )\n  .then(() =>\n    indexedSteps.forEach((step) =>\n      stepTest.call(this, state, step, rowData)\n    )\n  )\n  .then(() => state.onFinishScenario(scenario));",
              "err": {},
              "uuid": "0794ac0f-b582-4c43-9130-4dc5b010b951",
              "parentUUID": "7f4f96bc-cb9c-4b74-9067-8107321cb805",
              "isHook": false,
              "skipped": false
            },
            {
              "title": "TC004 email should be with \"@\" and \".\" (example #4)",
              "fullTitle": "US_002 user in registeration page TC004 email should be with \"@\" and \".\" (example #4)",
              "timedOut": null,
              "duration": 1670,
              "state": "passed",
              "speed": "fast",
              "pass": true,
              "fail": false,
              "pending": false,
              "context": null,
              "code": "const state = window.testState;\nreturn cy\n  .then(() => state.onStartScenario(scenario, indexedSteps))\n  .then(() =>\n    resolveAndRunBeforeHooks.call(this, scenario.tags, state.feature.name)\n  )\n  .then(() =>\n    indexedSteps.forEach((step) =>\n      stepTest.call(this, state, step, rowData)\n    )\n  )\n  .then(() => state.onFinishScenario(scenario));",
              "err": {},
              "uuid": "b2cd129e-480d-4564-8aad-c523b1299daa",
              "parentUUID": "7f4f96bc-cb9c-4b74-9067-8107321cb805",
              "isHook": false,
              "skipped": false
            },
            {
              "title": "TC004 email should be with \"@\" and \".\" (example #5)",
              "fullTitle": "US_002 user in registeration page TC004 email should be with \"@\" and \".\" (example #5)",
              "timedOut": null,
              "duration": 1733,
              "state": "passed",
              "speed": "fast",
              "pass": true,
              "fail": false,
              "pending": false,
              "context": null,
              "code": "const state = window.testState;\nreturn cy\n  .then(() => state.onStartScenario(scenario, indexedSteps))\n  .then(() =>\n    resolveAndRunBeforeHooks.call(this, scenario.tags, state.feature.name)\n  )\n  .then(() =>\n    indexedSteps.forEach((step) =>\n      stepTest.call(this, state, step, rowData)\n    )\n  )\n  .then(() => state.onFinishScenario(scenario));",
              "err": {},
              "uuid": "22f087ee-d6eb-46f4-835c-8511398bebee",
              "parentUUID": "7f4f96bc-cb9c-4b74-9067-8107321cb805",
              "isHook": false,
              "skipped": false
            },
            {
              "title": "TC004 email should be with \"@\" and \".\" (example #6)",
              "fullTitle": "US_002 user in registeration page TC004 email should be with \"@\" and \".\" (example #6)",
              "timedOut": null,
              "duration": 1658,
              "state": "passed",
              "speed": "fast",
              "pass": true,
              "fail": false,
              "pending": false,
              "context": null,
              "code": "const state = window.testState;\nreturn cy\n  .then(() => state.onStartScenario(scenario, indexedSteps))\n  .then(() =>\n    resolveAndRunBeforeHooks.call(this, scenario.tags, state.feature.name)\n  )\n  .then(() =>\n    indexedSteps.forEach((step) =>\n      stepTest.call(this, state, step, rowData)\n    )\n  )\n  .then(() => state.onFinishScenario(scenario));",
              "err": {},
              "uuid": "fc10c845-71a0-42ce-b276-85d6bda5a1ac",
              "parentUUID": "7f4f96bc-cb9c-4b74-9067-8107321cb805",
              "isHook": false,
              "skipped": false
            }
          ],
          "suites": [],
          "passes": [
            "0c0a9466-7e8d-43f5-9eb8-d14c16c9265b",
            "ec214579-9a7d-4b48-8535-e6022d69ec28",
            "139aa195-ec10-4121-b04b-9af1e049ef06",
            "c90aba14-5f3f-418e-9068-c66e5005cd5d",
            "52a14fe9-20f4-4b64-b87f-90500c8d1587",
            "3cab4a86-1348-4896-bc04-d8eb9c5d0330",
            "a7ab3cbb-375f-4e4f-84c9-0edcd8f45b9a",
            "3b3c8960-a9e1-4951-98cb-34feecab5906",
            "e53e3079-357d-4cf4-94d4-b06e1e3a9071",
            "5e23b334-0a8d-45f6-81ad-1050bfcb3e54",
            "3e75c27e-b300-474a-9ce4-66e38e76a09c",
            "68903867-9047-4a18-8fb7-d1085a40e1fa",
            "4f01d181-7946-4856-aeea-039f4ace7e52",
            "7f55b55f-76a9-4ff0-9339-8b2c6ff9fdca",
            "0148dfe3-bc61-4a9a-9df7-f82d912f9fab",
            "365c7fa3-9df8-445b-9dcf-be9cb3c0f09a",
            "71f4d47e-c368-4081-aa1d-d52c8facb872",
            "412ab1a4-2a44-400f-b021-f7936e283ccf",
            "3feee2aa-b371-4699-8bb8-fc39970280b7",
            "ebe50e18-37f6-43dd-9790-e9aadeeb9537",
            "275a9e84-0afd-403c-95b8-d9fe2d2cad80",
            "0794ac0f-b582-4c43-9130-4dc5b010b951",
            "b2cd129e-480d-4564-8aad-c523b1299daa",
            "22f087ee-d6eb-46f4-835c-8511398bebee",
            "fc10c845-71a0-42ce-b276-85d6bda5a1ac"
          ],
          "failures": [],
          "pending": [],
          "skipped": [],
          "duration": 44092,
          "root": false,
          "rootEmpty": false,
          "_timeout": 2000
        }
      ],
      "passes": [],
      "failures": [],
      "pending": [],
      "skipped": [],
      "duration": 0,
      "root": true,
      "rootEmpty": true,
      "_timeout": 2000
    }
  ],
  "meta": {
    "mocha": {
      "version": "7.0.1"
    },
    "mochawesome": {
      "options": {
        "quiet": false,
        "reportFilename": "mochawesome",
        "saveHtml": false,
        "saveJson": true,
        "consoleReporter": "spec",
        "useInlineDiffs": false,
        "code": true
      },
      "version": "7.0.1"
    },
    "marge": {
      "options": {
        "id": "default",
        "reportDir": "cypress/reports/mocha",
        "quite": true,
        "overwrite": false,
        "html": false,
        "json": true
      },
      "version": "6.0.1"
    }
  }
}