{
  "stats": {
    "suites": 1,
    "tests": 2,
    "passes": 2,
    "pending": 0,
    "failures": 0,
    "start": "2022-01-29T18:15:15.611Z",
    "end": "2022-01-29T18:15:46.866Z",
    "duration": 31255,
    "testsRegistered": 2,
    "passPercent": 100,
    "pendingPercent": 0,
    "other": 0,
    "hasOther": false,
    "skipped": 0,
    "hasSkipped": false
  },
  "results": [
    {
      "uuid": "82aa4330-6a6b-4d8f-bc06-d7255fd01cfa",
      "title": "",
      "fullFile": "cypress/integration/US_008.feature",
      "file": "cypress/integration/US_008.feature",
      "beforeHooks": [],
      "afterHooks": [],
      "tests": [],
      "suites": [
        {
          "uuid": "72819681-1516-453f-a03d-5de6d6fea2ff",
          "title": "US_008 user in password page",
          "fullFile": "",
          "file": "",
          "beforeHooks": [],
          "afterHooks": [],
          "tests": [
            {
              "title": "TC001 same password not to be repeat",
              "fullTitle": "US_008 user in password page TC001 same password not to be repeat",
              "timedOut": null,
              "duration": 21589,
              "state": "passed",
              "speed": "slow",
              "pass": true,
              "fail": false,
              "pending": false,
              "context": null,
              "code": "const state = window.testState;\nreturn cy\n  .then(() => state.onStartScenario(scenario, indexedSteps))\n  .then(() =>\n    resolveAndRunBeforeHooks.call(this, scenario.tags, state.feature.name)\n  )\n  .then(() =>\n    indexedSteps.forEach((step) =>\n      stepTest.call(this, state, step, rowData)\n    )\n  )\n  .then(() => state.onFinishScenario(scenario));",
              "err": {},
              "uuid": "ad7744a0-144e-4f0e-b387-9c6049fe064d",
              "parentUUID": "72819681-1516-453f-a03d-5de6d6fea2ff",
              "isHook": false,
              "skipped": false
            },
            {
              "title": "TC002 different passwords with different forms",
              "fullTitle": "US_008 user in password page TC002 different passwords with different forms",
              "timedOut": null,
              "duration": 7030,
              "state": "passed",
              "speed": "medium",
              "pass": true,
              "fail": false,
              "pending": false,
              "context": null,
              "code": "const state = window.testState;\nreturn cy\n  .then(() => state.onStartScenario(scenario, indexedSteps))\n  .then(() =>\n    resolveAndRunBeforeHooks.call(this, scenario.tags, state.feature.name)\n  )\n  .then(() =>\n    indexedSteps.forEach((step) =>\n      stepTest.call(this, state, step, rowData)\n    )\n  )\n  .then(() => state.onFinishScenario(scenario));",
              "err": {},
              "uuid": "11c2101a-627e-4a5e-8e17-309e0708f27b",
              "parentUUID": "72819681-1516-453f-a03d-5de6d6fea2ff",
              "isHook": false,
              "skipped": false
            }
          ],
          "suites": [],
          "passes": [
            "ad7744a0-144e-4f0e-b387-9c6049fe064d",
            "11c2101a-627e-4a5e-8e17-309e0708f27b"
          ],
          "failures": [],
          "pending": [],
          "skipped": [],
          "duration": 28619,
          "root": false,
          "rootEmpty": false,
          "_timeout": 2000
        }
      ],
      "passes": [],
      "failures": [],
      "pending": [],
      "skipped": [],
      "duration": 0,
      "root": true,
      "rootEmpty": true,
      "_timeout": 2000
    }
  ],
  "meta": {
    "mocha": {
      "version": "7.0.1"
    },
    "mochawesome": {
      "options": {
        "quiet": false,
        "reportFilename": "mochawesome",
        "saveHtml": false,
        "saveJson": true,
        "consoleReporter": "spec",
        "useInlineDiffs": false,
        "code": true
      },
      "version": "7.0.1"
    },
    "marge": {
      "options": {
        "id": "default",
        "reportDir": "cypress/reports/mocha",
        "quite": true,
        "overwrite": false,
        "html": false,
        "json": true
      },
      "version": "6.0.1"
    }
  }
}