{
  "stats": {
    "suites": 1,
    "tests": 1,
    "passes": 1,
    "pending": 0,
    "failures": 0,
    "start": "2022-01-29T19:39:10.834Z",
    "end": "2022-01-29T19:39:32.476Z",
    "duration": 21642,
    "testsRegistered": 1,
    "passPercent": 100,
    "pendingPercent": 0,
    "other": 0,
    "hasOther": false,
    "skipped": 0,
    "hasSkipped": false
  },
  "results": [
    {
      "uuid": "3d7d8380-4554-43bf-b383-e68722b65ab5",
      "title": "",
      "fullFile": "cypress/integration/US_001.feature",
      "file": "cypress/integration/US_001.feature",
      "beforeHooks": [],
      "afterHooks": [],
      "tests": [],
      "suites": [
        {
          "uuid": "08da8841-a9df-43fa-87a0-4547e32c9257",
          "title": "US_001 System should allow any user to register with valid credentials",
          "fullFile": "",
          "file": "",
          "beforeHooks": [],
          "afterHooks": [],
          "tests": [
            {
              "title": "TC_001 There should be a valid SSN respecting the \"-\" where necessary, it should be 9 digits long",
              "fullTitle": "US_001 System should allow any user to register with valid credentials TC_001 There should be a valid SSN respecting the \"-\" where necessary, it should be 9 digits long",
              "timedOut": null,
              "duration": 17829,
              "state": "passed",
              "speed": "slow",
              "pass": true,
              "fail": false,
              "pending": false,
              "context": null,
              "code": "const state = window.testState;\nreturn cy\n  .then(() => state.onStartScenario(scenario, indexedSteps))\n  .then(() =>\n    resolveAndRunBeforeHooks.call(this, scenario.tags, state.feature.name)\n  )\n  .then(() =>\n    indexedSteps.forEach((step) =>\n      stepTest.call(this, state, step, rowData)\n    )\n  )\n  .then(() => state.onFinishScenario(scenario));",
              "err": {},
              "uuid": "bef590db-1c39-4f59-88ac-7ab1a483cda1",
              "parentUUID": "08da8841-a9df-43fa-87a0-4547e32c9257",
              "isHook": false,
              "skipped": false
            }
          ],
          "suites": [],
          "passes": [
            "bef590db-1c39-4f59-88ac-7ab1a483cda1"
          ],
          "failures": [],
          "pending": [],
          "skipped": [],
          "duration": 17829,
          "root": false,
          "rootEmpty": false,
          "_timeout": 2000
        }
      ],
      "passes": [],
      "failures": [],
      "pending": [],
      "skipped": [],
      "duration": 0,
      "root": true,
      "rootEmpty": true,
      "_timeout": 2000
    }
  ],
  "meta": {
    "mocha": {
      "version": "7.0.1"
    },
    "mochawesome": {
      "options": {
        "quiet": false,
        "reportFilename": "mochawesome",
        "saveHtml": false,
        "saveJson": true,
        "consoleReporter": "spec",
        "useInlineDiffs": false,
        "code": true
      },
      "version": "7.0.1"
    },
    "marge": {
      "options": {
        "id": "default",
        "reportDir": "cypress/reports/mocha",
        "quite": true,
        "overwrite": false,
        "html": false,
        "json": true
      },
      "version": "6.0.1"
    }
  }
}