{
  "stats": {
    "suites": 1,
    "tests": 25,
    "passes": 25,
    "pending": 0,
    "failures": 0,
    "start": "2022-01-30T20:15:51.104Z",
    "end": "2022-01-30T20:16:57.407Z",
    "duration": 66303,
    "testsRegistered": 25,
    "passPercent": 100,
    "pendingPercent": 0,
    "other": 0,
    "hasOther": false,
    "skipped": 0,
    "hasSkipped": false
  },
  "results": [
    {
      "uuid": "276166cc-ab0b-4ab2-9921-f0c6c5e189c3",
      "title": "",
      "fullFile": "cypress/integration/US_002.feature",
      "file": "cypress/integration/US_002.feature",
      "beforeHooks": [],
      "afterHooks": [],
      "tests": [],
      "suites": [
        {
          "uuid": "846f0572-1065-4f84-a612-84b04b728a9a",
          "title": "US_002 user in registeration page",
          "fullFile": "",
          "file": "",
          "beforeHooks": [],
          "afterHooks": [],
          "tests": [
            {
              "title": "TC001 Any field on the registration page should not be left blank",
              "fullTitle": "US_002 user in registeration page TC001 Any field on the registration page should not be left blank",
              "timedOut": null,
              "duration": 23136,
              "state": "passed",
              "speed": "slow",
              "pass": true,
              "fail": false,
              "pending": false,
              "context": null,
              "code": "const state = window.testState;\nreturn cy\n  .then(() => state.onStartScenario(scenario, indexedSteps))\n  .then(() =>\n    resolveAndRunBeforeHooks.call(this, scenario.tags, state.feature.name)\n  )\n  .then(() =>\n    indexedSteps.forEach((step) =>\n      stepTest.call(this, state, step, rowData)\n    )\n  )\n  .then(() => state.onFinishScenario(scenario));",
              "err": {},
              "uuid": "021ea81f-2fa6-4370-b0dd-fdeb6d048884",
              "parentUUID": "846f0572-1065-4f84-a612-84b04b728a9a",
              "isHook": false,
              "skipped": false
            },
            {
              "title": "TC002 SSN should be with \"-\" (example #1)",
              "fullTitle": "US_002 user in registeration page TC002 SSN should be with \"-\" (example #1)",
              "timedOut": null,
              "duration": 1441,
              "state": "passed",
              "speed": "fast",
              "pass": true,
              "fail": false,
              "pending": false,
              "context": null,
              "code": "const state = window.testState;\nreturn cy\n  .then(() => state.onStartScenario(scenario, indexedSteps))\n  .then(() =>\n    resolveAndRunBeforeHooks.call(this, scenario.tags, state.feature.name)\n  )\n  .then(() =>\n    indexedSteps.forEach((step) =>\n      stepTest.call(this, state, step, rowData)\n    )\n  )\n  .then(() => state.onFinishScenario(scenario));",
              "err": {},
              "uuid": "67251f25-46fc-49bc-a976-b5013d8ed22b",
              "parentUUID": "846f0572-1065-4f84-a612-84b04b728a9a",
              "isHook": false,
              "skipped": false
            },
            {
              "title": "TC002 SSN should be with \"-\" (example #2)",
              "fullTitle": "US_002 user in registeration page TC002 SSN should be with \"-\" (example #2)",
              "timedOut": null,
              "duration": 1262,
              "state": "passed",
              "speed": "fast",
              "pass": true,
              "fail": false,
              "pending": false,
              "context": null,
              "code": "const state = window.testState;\nreturn cy\n  .then(() => state.onStartScenario(scenario, indexedSteps))\n  .then(() =>\n    resolveAndRunBeforeHooks.call(this, scenario.tags, state.feature.name)\n  )\n  .then(() =>\n    indexedSteps.forEach((step) =>\n      stepTest.call(this, state, step, rowData)\n    )\n  )\n  .then(() => state.onFinishScenario(scenario));",
              "err": {},
              "uuid": "9357da37-af20-4c13-9cf0-9736d00e48cf",
              "parentUUID": "846f0572-1065-4f84-a612-84b04b728a9a",
              "isHook": false,
              "skipped": false
            },
            {
              "title": "TC002 SSN should be with \"-\" (example #3)",
              "fullTitle": "US_002 user in registeration page TC002 SSN should be with \"-\" (example #3)",
              "timedOut": null,
              "duration": 1038,
              "state": "passed",
              "speed": "fast",
              "pass": true,
              "fail": false,
              "pending": false,
              "context": null,
              "code": "const state = window.testState;\nreturn cy\n  .then(() => state.onStartScenario(scenario, indexedSteps))\n  .then(() =>\n    resolveAndRunBeforeHooks.call(this, scenario.tags, state.feature.name)\n  )\n  .then(() =>\n    indexedSteps.forEach((step) =>\n      stepTest.call(this, state, step, rowData)\n    )\n  )\n  .then(() => state.onFinishScenario(scenario));",
              "err": {},
              "uuid": "1db40eb0-2b4a-4905-8c90-059f53127e42",
              "parentUUID": "846f0572-1065-4f84-a612-84b04b728a9a",
              "isHook": false,
              "skipped": false
            },
            {
              "title": "TC002 SSN should be with \"-\" (example #4)",
              "fullTitle": "US_002 user in registeration page TC002 SSN should be with \"-\" (example #4)",
              "timedOut": null,
              "duration": 967,
              "state": "passed",
              "speed": "fast",
              "pass": true,
              "fail": false,
              "pending": false,
              "context": null,
              "code": "const state = window.testState;\nreturn cy\n  .then(() => state.onStartScenario(scenario, indexedSteps))\n  .then(() =>\n    resolveAndRunBeforeHooks.call(this, scenario.tags, state.feature.name)\n  )\n  .then(() =>\n    indexedSteps.forEach((step) =>\n      stepTest.call(this, state, step, rowData)\n    )\n  )\n  .then(() => state.onFinishScenario(scenario));",
              "err": {},
              "uuid": "953f32da-a8be-47ce-9f8b-29e25e40bd2d",
              "parentUUID": "846f0572-1065-4f84-a612-84b04b728a9a",
              "isHook": false,
              "skipped": false
            },
            {
              "title": "TC002 SSN should be with \"-\" (example #5)",
              "fullTitle": "US_002 user in registeration page TC002 SSN should be with \"-\" (example #5)",
              "timedOut": null,
              "duration": 1010,
              "state": "passed",
              "speed": "fast",
              "pass": true,
              "fail": false,
              "pending": false,
              "context": null,
              "code": "const state = window.testState;\nreturn cy\n  .then(() => state.onStartScenario(scenario, indexedSteps))\n  .then(() =>\n    resolveAndRunBeforeHooks.call(this, scenario.tags, state.feature.name)\n  )\n  .then(() =>\n    indexedSteps.forEach((step) =>\n      stepTest.call(this, state, step, rowData)\n    )\n  )\n  .then(() => state.onFinishScenario(scenario));",
              "err": {},
              "uuid": "6a649c8f-f297-4694-9f9b-5583f374d66c",
              "parentUUID": "846f0572-1065-4f84-a612-84b04b728a9a",
              "isHook": false,
              "skipped": false
            },
            {
              "title": "TC002 SSN should be with \"-\" (example #6)",
              "fullTitle": "US_002 user in registeration page TC002 SSN should be with \"-\" (example #6)",
              "timedOut": null,
              "duration": 972,
              "state": "passed",
              "speed": "fast",
              "pass": true,
              "fail": false,
              "pending": false,
              "context": null,
              "code": "const state = window.testState;\nreturn cy\n  .then(() => state.onStartScenario(scenario, indexedSteps))\n  .then(() =>\n    resolveAndRunBeforeHooks.call(this, scenario.tags, state.feature.name)\n  )\n  .then(() =>\n    indexedSteps.forEach((step) =>\n      stepTest.call(this, state, step, rowData)\n    )\n  )\n  .then(() => state.onFinishScenario(scenario));",
              "err": {},
              "uuid": "f769f155-7b5b-4d10-bbb8-d6d48dd83d99",
              "parentUUID": "846f0572-1065-4f84-a612-84b04b728a9a",
              "isHook": false,
              "skipped": false
            },
            {
              "title": "TC002 SSN should be with \"-\" (example #7)",
              "fullTitle": "US_002 user in registeration page TC002 SSN should be with \"-\" (example #7)",
              "timedOut": null,
              "duration": 938,
              "state": "passed",
              "speed": "fast",
              "pass": true,
              "fail": false,
              "pending": false,
              "context": null,
              "code": "const state = window.testState;\nreturn cy\n  .then(() => state.onStartScenario(scenario, indexedSteps))\n  .then(() =>\n    resolveAndRunBeforeHooks.call(this, scenario.tags, state.feature.name)\n  )\n  .then(() =>\n    indexedSteps.forEach((step) =>\n      stepTest.call(this, state, step, rowData)\n    )\n  )\n  .then(() => state.onFinishScenario(scenario));",
              "err": {},
              "uuid": "64b25c49-d64b-4ae7-9bf7-eea5c6a2b699",
              "parentUUID": "846f0572-1065-4f84-a612-84b04b728a9a",
              "isHook": false,
              "skipped": false
            },
            {
              "title": "TC002 SSN should be with \"-\" (example #8)",
              "fullTitle": "US_002 user in registeration page TC002 SSN should be with \"-\" (example #8)",
              "timedOut": null,
              "duration": 1139,
              "state": "passed",
              "speed": "fast",
              "pass": true,
              "fail": false,
              "pending": false,
              "context": null,
              "code": "const state = window.testState;\nreturn cy\n  .then(() => state.onStartScenario(scenario, indexedSteps))\n  .then(() =>\n    resolveAndRunBeforeHooks.call(this, scenario.tags, state.feature.name)\n  )\n  .then(() =>\n    indexedSteps.forEach((step) =>\n      stepTest.call(this, state, step, rowData)\n    )\n  )\n  .then(() => state.onFinishScenario(scenario));",
              "err": {},
              "uuid": "a4d99161-f042-4b2f-a11e-387e7738e593",
              "parentUUID": "846f0572-1065-4f84-a612-84b04b728a9a",
              "isHook": false,
              "skipped": false
            },
            {
              "title": "TC002 SSN should be with \"-\" (example #9)",
              "fullTitle": "US_002 user in registeration page TC002 SSN should be with \"-\" (example #9)",
              "timedOut": null,
              "duration": 940,
              "state": "passed",
              "speed": "fast",
              "pass": true,
              "fail": false,
              "pending": false,
              "context": null,
              "code": "const state = window.testState;\nreturn cy\n  .then(() => state.onStartScenario(scenario, indexedSteps))\n  .then(() =>\n    resolveAndRunBeforeHooks.call(this, scenario.tags, state.feature.name)\n  )\n  .then(() =>\n    indexedSteps.forEach((step) =>\n      stepTest.call(this, state, step, rowData)\n    )\n  )\n  .then(() => state.onFinishScenario(scenario));",
              "err": {},
              "uuid": "77895514-9287-4edf-b80e-7c65eae57267",
              "parentUUID": "846f0572-1065-4f84-a612-84b04b728a9a",
              "isHook": false,
              "skipped": false
            },
            {
              "title": "TC003 phone number should be with \"-\" (example #1)",
              "fullTitle": "US_002 user in registeration page TC003 phone number should be with \"-\" (example #1)",
              "timedOut": null,
              "duration": 1871,
              "state": "passed",
              "speed": "fast",
              "pass": true,
              "fail": false,
              "pending": false,
              "context": null,
              "code": "const state = window.testState;\nreturn cy\n  .then(() => state.onStartScenario(scenario, indexedSteps))\n  .then(() =>\n    resolveAndRunBeforeHooks.call(this, scenario.tags, state.feature.name)\n  )\n  .then(() =>\n    indexedSteps.forEach((step) =>\n      stepTest.call(this, state, step, rowData)\n    )\n  )\n  .then(() => state.onFinishScenario(scenario));",
              "err": {},
              "uuid": "70d7a748-c893-4072-937d-0422b4c191c9",
              "parentUUID": "846f0572-1065-4f84-a612-84b04b728a9a",
              "isHook": false,
              "skipped": false
            },
            {
              "title": "TC003 phone number should be with \"-\" (example #2)",
              "fullTitle": "US_002 user in registeration page TC003 phone number should be with \"-\" (example #2)",
              "timedOut": null,
              "duration": 1709,
              "state": "passed",
              "speed": "fast",
              "pass": true,
              "fail": false,
              "pending": false,
              "context": null,
              "code": "const state = window.testState;\nreturn cy\n  .then(() => state.onStartScenario(scenario, indexedSteps))\n  .then(() =>\n    resolveAndRunBeforeHooks.call(this, scenario.tags, state.feature.name)\n  )\n  .then(() =>\n    indexedSteps.forEach((step) =>\n      stepTest.call(this, state, step, rowData)\n    )\n  )\n  .then(() => state.onFinishScenario(scenario));",
              "err": {},
              "uuid": "6959cb97-e760-4987-9eea-b406b0e4b110",
              "parentUUID": "846f0572-1065-4f84-a612-84b04b728a9a",
              "isHook": false,
              "skipped": false
            },
            {
              "title": "TC003 phone number should be with \"-\" (example #3)",
              "fullTitle": "US_002 user in registeration page TC003 phone number should be with \"-\" (example #3)",
              "timedOut": null,
              "duration": 1917,
              "state": "passed",
              "speed": "fast",
              "pass": true,
              "fail": false,
              "pending": false,
              "context": null,
              "code": "const state = window.testState;\nreturn cy\n  .then(() => state.onStartScenario(scenario, indexedSteps))\n  .then(() =>\n    resolveAndRunBeforeHooks.call(this, scenario.tags, state.feature.name)\n  )\n  .then(() =>\n    indexedSteps.forEach((step) =>\n      stepTest.call(this, state, step, rowData)\n    )\n  )\n  .then(() => state.onFinishScenario(scenario));",
              "err": {},
              "uuid": "3d1a4c8b-90db-4ebe-837c-8353952e4fbb",
              "parentUUID": "846f0572-1065-4f84-a612-84b04b728a9a",
              "isHook": false,
              "skipped": false
            },
            {
              "title": "TC003 phone number should be with \"-\" (example #4)",
              "fullTitle": "US_002 user in registeration page TC003 phone number should be with \"-\" (example #4)",
              "timedOut": null,
              "duration": 1669,
              "state": "passed",
              "speed": "fast",
              "pass": true,
              "fail": false,
              "pending": false,
              "context": null,
              "code": "const state = window.testState;\nreturn cy\n  .then(() => state.onStartScenario(scenario, indexedSteps))\n  .then(() =>\n    resolveAndRunBeforeHooks.call(this, scenario.tags, state.feature.name)\n  )\n  .then(() =>\n    indexedSteps.forEach((step) =>\n      stepTest.call(this, state, step, rowData)\n    )\n  )\n  .then(() => state.onFinishScenario(scenario));",
              "err": {},
              "uuid": "47ddba7d-2ff2-44f2-b98d-cdc9ab773b1f",
              "parentUUID": "846f0572-1065-4f84-a612-84b04b728a9a",
              "isHook": false,
              "skipped": false
            },
            {
              "title": "TC003 phone number should be with \"-\" (example #5)",
              "fullTitle": "US_002 user in registeration page TC003 phone number should be with \"-\" (example #5)",
              "timedOut": null,
              "duration": 1714,
              "state": "passed",
              "speed": "fast",
              "pass": true,
              "fail": false,
              "pending": false,
              "context": null,
              "code": "const state = window.testState;\nreturn cy\n  .then(() => state.onStartScenario(scenario, indexedSteps))\n  .then(() =>\n    resolveAndRunBeforeHooks.call(this, scenario.tags, state.feature.name)\n  )\n  .then(() =>\n    indexedSteps.forEach((step) =>\n      stepTest.call(this, state, step, rowData)\n    )\n  )\n  .then(() => state.onFinishScenario(scenario));",
              "err": {},
              "uuid": "e8574cbb-45be-483f-82ad-1860902f6fec",
              "parentUUID": "846f0572-1065-4f84-a612-84b04b728a9a",
              "isHook": false,
              "skipped": false
            },
            {
              "title": "TC003 phone number should be with \"-\" (example #6)",
              "fullTitle": "US_002 user in registeration page TC003 phone number should be with \"-\" (example #6)",
              "timedOut": null,
              "duration": 1677,
              "state": "passed",
              "speed": "fast",
              "pass": true,
              "fail": false,
              "pending": false,
              "context": null,
              "code": "const state = window.testState;\nreturn cy\n  .then(() => state.onStartScenario(scenario, indexedSteps))\n  .then(() =>\n    resolveAndRunBeforeHooks.call(this, scenario.tags, state.feature.name)\n  )\n  .then(() =>\n    indexedSteps.forEach((step) =>\n      stepTest.call(this, state, step, rowData)\n    )\n  )\n  .then(() => state.onFinishScenario(scenario));",
              "err": {},
              "uuid": "5f263670-ba63-414c-8734-83b9a7857660",
              "parentUUID": "846f0572-1065-4f84-a612-84b04b728a9a",
              "isHook": false,
              "skipped": false
            },
            {
              "title": "TC003 phone number should be with \"-\" (example #7)",
              "fullTitle": "US_002 user in registeration page TC003 phone number should be with \"-\" (example #7)",
              "timedOut": null,
              "duration": 1592,
              "state": "passed",
              "speed": "fast",
              "pass": true,
              "fail": false,
              "pending": false,
              "context": null,
              "code": "const state = window.testState;\nreturn cy\n  .then(() => state.onStartScenario(scenario, indexedSteps))\n  .then(() =>\n    resolveAndRunBeforeHooks.call(this, scenario.tags, state.feature.name)\n  )\n  .then(() =>\n    indexedSteps.forEach((step) =>\n      stepTest.call(this, state, step, rowData)\n    )\n  )\n  .then(() => state.onFinishScenario(scenario));",
              "err": {},
              "uuid": "efcd5ede-65fc-4f8d-ab01-f90ed4276f37",
              "parentUUID": "846f0572-1065-4f84-a612-84b04b728a9a",
              "isHook": false,
              "skipped": false
            },
            {
              "title": "TC003 phone number should be with \"-\" (example #8)",
              "fullTitle": "US_002 user in registeration page TC003 phone number should be with \"-\" (example #8)",
              "timedOut": null,
              "duration": 1687,
              "state": "passed",
              "speed": "fast",
              "pass": true,
              "fail": false,
              "pending": false,
              "context": null,
              "code": "const state = window.testState;\nreturn cy\n  .then(() => state.onStartScenario(scenario, indexedSteps))\n  .then(() =>\n    resolveAndRunBeforeHooks.call(this, scenario.tags, state.feature.name)\n  )\n  .then(() =>\n    indexedSteps.forEach((step) =>\n      stepTest.call(this, state, step, rowData)\n    )\n  )\n  .then(() => state.onFinishScenario(scenario));",
              "err": {},
              "uuid": "d260e155-0ee1-4cde-9a16-e1846d50d5c1",
              "parentUUID": "846f0572-1065-4f84-a612-84b04b728a9a",
              "isHook": false,
              "skipped": false
            },
            {
              "title": "TC003 phone number should be with \"-\" (example #9)",
              "fullTitle": "US_002 user in registeration page TC003 phone number should be with \"-\" (example #9)",
              "timedOut": null,
              "duration": 1619,
              "state": "passed",
              "speed": "fast",
              "pass": true,
              "fail": false,
              "pending": false,
              "context": null,
              "code": "const state = window.testState;\nreturn cy\n  .then(() => state.onStartScenario(scenario, indexedSteps))\n  .then(() =>\n    resolveAndRunBeforeHooks.call(this, scenario.tags, state.feature.name)\n  )\n  .then(() =>\n    indexedSteps.forEach((step) =>\n      stepTest.call(this, state, step, rowData)\n    )\n  )\n  .then(() => state.onFinishScenario(scenario));",
              "err": {},
              "uuid": "a46662bb-386c-4d08-b18b-c5b96b239031",
              "parentUUID": "846f0572-1065-4f84-a612-84b04b728a9a",
              "isHook": false,
              "skipped": false
            },
            {
              "title": "TC004 email should be with \"@\" and \".\" (example #1)",
              "fullTitle": "US_002 user in registeration page TC004 email should be with \"@\" and \".\" (example #1)",
              "timedOut": null,
              "duration": 2090,
              "state": "passed",
              "speed": "fast",
              "pass": true,
              "fail": false,
              "pending": false,
              "context": null,
              "code": "const state = window.testState;\nreturn cy\n  .then(() => state.onStartScenario(scenario, indexedSteps))\n  .then(() =>\n    resolveAndRunBeforeHooks.call(this, scenario.tags, state.feature.name)\n  )\n  .then(() =>\n    indexedSteps.forEach((step) =>\n      stepTest.call(this, state, step, rowData)\n    )\n  )\n  .then(() => state.onFinishScenario(scenario));",
              "err": {},
              "uuid": "eb95e419-cbd2-42b1-8e4d-496caba4165e",
              "parentUUID": "846f0572-1065-4f84-a612-84b04b728a9a",
              "isHook": false,
              "skipped": false
            },
            {
              "title": "TC004 email should be with \"@\" and \".\" (example #2)",
              "fullTitle": "US_002 user in registeration page TC004 email should be with \"@\" and \".\" (example #2)",
              "timedOut": null,
              "duration": 1927,
              "state": "passed",
              "speed": "fast",
              "pass": true,
              "fail": false,
              "pending": false,
              "context": null,
              "code": "const state = window.testState;\nreturn cy\n  .then(() => state.onStartScenario(scenario, indexedSteps))\n  .then(() =>\n    resolveAndRunBeforeHooks.call(this, scenario.tags, state.feature.name)\n  )\n  .then(() =>\n    indexedSteps.forEach((step) =>\n      stepTest.call(this, state, step, rowData)\n    )\n  )\n  .then(() => state.onFinishScenario(scenario));",
              "err": {},
              "uuid": "3600a6ef-eb83-413c-bbff-240c9a293077",
              "parentUUID": "846f0572-1065-4f84-a612-84b04b728a9a",
              "isHook": false,
              "skipped": false
            },
            {
              "title": "TC004 email should be with \"@\" and \".\" (example #3)",
              "fullTitle": "US_002 user in registeration page TC004 email should be with \"@\" and \".\" (example #3)",
              "timedOut": null,
              "duration": 1799,
              "state": "passed",
              "speed": "fast",
              "pass": true,
              "fail": false,
              "pending": false,
              "context": null,
              "code": "const state = window.testState;\nreturn cy\n  .then(() => state.onStartScenario(scenario, indexedSteps))\n  .then(() =>\n    resolveAndRunBeforeHooks.call(this, scenario.tags, state.feature.name)\n  )\n  .then(() =>\n    indexedSteps.forEach((step) =>\n      stepTest.call(this, state, step, rowData)\n    )\n  )\n  .then(() => state.onFinishScenario(scenario));",
              "err": {},
              "uuid": "e0c8cfd4-cf9a-4770-a59d-41b21c41bd1b",
              "parentUUID": "846f0572-1065-4f84-a612-84b04b728a9a",
              "isHook": false,
              "skipped": false
            },
            {
              "title": "TC004 email should be with \"@\" and \".\" (example #4)",
              "fullTitle": "US_002 user in registeration page TC004 email should be with \"@\" and \".\" (example #4)",
              "timedOut": null,
              "duration": 1818,
              "state": "passed",
              "speed": "fast",
              "pass": true,
              "fail": false,
              "pending": false,
              "context": null,
              "code": "const state = window.testState;\nreturn cy\n  .then(() => state.onStartScenario(scenario, indexedSteps))\n  .then(() =>\n    resolveAndRunBeforeHooks.call(this, scenario.tags, state.feature.name)\n  )\n  .then(() =>\n    indexedSteps.forEach((step) =>\n      stepTest.call(this, state, step, rowData)\n    )\n  )\n  .then(() => state.onFinishScenario(scenario));",
              "err": {},
              "uuid": "ecd9659b-8634-4ce1-a6b7-a2bded721165",
              "parentUUID": "846f0572-1065-4f84-a612-84b04b728a9a",
              "isHook": false,
              "skipped": false
            },
            {
              "title": "TC004 email should be with \"@\" and \".\" (example #5)",
              "fullTitle": "US_002 user in registeration page TC004 email should be with \"@\" and \".\" (example #5)",
              "timedOut": null,
              "duration": 1823,
              "state": "passed",
              "speed": "fast",
              "pass": true,
              "fail": false,
              "pending": false,
              "context": null,
              "code": "const state = window.testState;\nreturn cy\n  .then(() => state.onStartScenario(scenario, indexedSteps))\n  .then(() =>\n    resolveAndRunBeforeHooks.call(this, scenario.tags, state.feature.name)\n  )\n  .then(() =>\n    indexedSteps.forEach((step) =>\n      stepTest.call(this, state, step, rowData)\n    )\n  )\n  .then(() => state.onFinishScenario(scenario));",
              "err": {},
              "uuid": "7354e09b-b47f-4180-a573-a840e9ecc8d6",
              "parentUUID": "846f0572-1065-4f84-a612-84b04b728a9a",
              "isHook": false,
              "skipped": false
            },
            {
              "title": "TC004 email should be with \"@\" and \".\" (example #6)",
              "fullTitle": "US_002 user in registeration page TC004 email should be with \"@\" and \".\" (example #6)",
              "timedOut": null,
              "duration": 1883,
              "state": "passed",
              "speed": "fast",
              "pass": true,
              "fail": false,
              "pending": false,
              "context": null,
              "code": "const state = window.testState;\nreturn cy\n  .then(() => state.onStartScenario(scenario, indexedSteps))\n  .then(() =>\n    resolveAndRunBeforeHooks.call(this, scenario.tags, state.feature.name)\n  )\n  .then(() =>\n    indexedSteps.forEach((step) =>\n      stepTest.call(this, state, step, rowData)\n    )\n  )\n  .then(() => state.onFinishScenario(scenario));",
              "err": {},
              "uuid": "355761f7-9a3a-4e6a-9c07-578ee064a396",
              "parentUUID": "846f0572-1065-4f84-a612-84b04b728a9a",
              "isHook": false,
              "skipped": false
            }
          ],
          "suites": [],
          "passes": [
            "021ea81f-2fa6-4370-b0dd-fdeb6d048884",
            "67251f25-46fc-49bc-a976-b5013d8ed22b",
            "9357da37-af20-4c13-9cf0-9736d00e48cf",
            "1db40eb0-2b4a-4905-8c90-059f53127e42",
            "953f32da-a8be-47ce-9f8b-29e25e40bd2d",
            "6a649c8f-f297-4694-9f9b-5583f374d66c",
            "f769f155-7b5b-4d10-bbb8-d6d48dd83d99",
            "64b25c49-d64b-4ae7-9bf7-eea5c6a2b699",
            "a4d99161-f042-4b2f-a11e-387e7738e593",
            "77895514-9287-4edf-b80e-7c65eae57267",
            "70d7a748-c893-4072-937d-0422b4c191c9",
            "6959cb97-e760-4987-9eea-b406b0e4b110",
            "3d1a4c8b-90db-4ebe-837c-8353952e4fbb",
            "47ddba7d-2ff2-44f2-b98d-cdc9ab773b1f",
            "e8574cbb-45be-483f-82ad-1860902f6fec",
            "5f263670-ba63-414c-8734-83b9a7857660",
            "efcd5ede-65fc-4f8d-ab01-f90ed4276f37",
            "d260e155-0ee1-4cde-9a16-e1846d50d5c1",
            "a46662bb-386c-4d08-b18b-c5b96b239031",
            "eb95e419-cbd2-42b1-8e4d-496caba4165e",
            "3600a6ef-eb83-413c-bbff-240c9a293077",
            "e0c8cfd4-cf9a-4770-a59d-41b21c41bd1b",
            "ecd9659b-8634-4ce1-a6b7-a2bded721165",
            "7354e09b-b47f-4180-a573-a840e9ecc8d6",
            "355761f7-9a3a-4e6a-9c07-578ee064a396"
          ],
          "failures": [],
          "pending": [],
          "skipped": [],
          "duration": 59638,
          "root": false,
          "rootEmpty": false,
          "_timeout": 2000
        }
      ],
      "passes": [],
      "failures": [],
      "pending": [],
      "skipped": [],
      "duration": 0,
      "root": true,
      "rootEmpty": true,
      "_timeout": 2000
    }
  ],
  "meta": {
    "mocha": {
      "version": "7.0.1"
    },
    "mochawesome": {
      "options": {
        "quiet": false,
        "reportFilename": "mochawesome",
        "saveHtml": false,
        "saveJson": true,
        "consoleReporter": "spec",
        "useInlineDiffs": false,
        "code": true
      },
      "version": "7.0.1"
    },
    "marge": {
      "options": {
        "id": "default",
        "reportDir": "cypress/reports/mocha",
        "quite": true,
        "overwrite": false,
        "html": false,
        "json": true
      },
      "version": "6.0.1"
    }
  }
}