{
  "stats": {
    "suites": 1,
    "tests": 25,
    "passes": 25,
    "pending": 0,
    "failures": 0,
    "start": "2022-01-29T19:39:51.586Z",
    "end": "2022-01-29T19:40:42.948Z",
    "duration": 51362,
    "testsRegistered": 25,
    "passPercent": 100,
    "pendingPercent": 0,
    "other": 0,
    "hasOther": false,
    "skipped": 0,
    "hasSkipped": false
  },
  "results": [
    {
      "uuid": "ec10ac26-5532-4bbc-89fb-04a28478b52d",
      "title": "",
      "fullFile": "cypress/integration/US_002.feature",
      "file": "cypress/integration/US_002.feature",
      "beforeHooks": [],
      "afterHooks": [],
      "tests": [],
      "suites": [
        {
          "uuid": "89739fed-938b-48e0-bbea-879a22cfbc01",
          "title": "US_002 user in registeration page",
          "fullFile": "",
          "file": "",
          "beforeHooks": [],
          "afterHooks": [],
          "tests": [
            {
              "title": "TC001 Any field on the registration page should not be left blank",
              "fullTitle": "US_002 user in registeration page TC001 Any field on the registration page should not be left blank",
              "timedOut": null,
              "duration": 18012,
              "state": "passed",
              "speed": "slow",
              "pass": true,
              "fail": false,
              "pending": false,
              "context": null,
              "code": "const state = window.testState;\nreturn cy\n  .then(() => state.onStartScenario(scenario, indexedSteps))\n  .then(() =>\n    resolveAndRunBeforeHooks.call(this, scenario.tags, state.feature.name)\n  )\n  .then(() =>\n    indexedSteps.forEach((step) =>\n      stepTest.call(this, state, step, rowData)\n    )\n  )\n  .then(() => state.onFinishScenario(scenario));",
              "err": {},
              "uuid": "4f5f55b5-7c6a-4878-9666-26891b470d06",
              "parentUUID": "89739fed-938b-48e0-bbea-879a22cfbc01",
              "isHook": false,
              "skipped": false
            },
            {
              "title": "TC002 SSN should be with \"-\" (example #1)",
              "fullTitle": "US_002 user in registeration page TC002 SSN should be with \"-\" (example #1)",
              "timedOut": null,
              "duration": 961,
              "state": "passed",
              "speed": "fast",
              "pass": true,
              "fail": false,
              "pending": false,
              "context": null,
              "code": "const state = window.testState;\nreturn cy\n  .then(() => state.onStartScenario(scenario, indexedSteps))\n  .then(() =>\n    resolveAndRunBeforeHooks.call(this, scenario.tags, state.feature.name)\n  )\n  .then(() =>\n    indexedSteps.forEach((step) =>\n      stepTest.call(this, state, step, rowData)\n    )\n  )\n  .then(() => state.onFinishScenario(scenario));",
              "err": {},
              "uuid": "be2b18b0-34d6-4455-acaf-e79c1fc7c8fd",
              "parentUUID": "89739fed-938b-48e0-bbea-879a22cfbc01",
              "isHook": false,
              "skipped": false
            },
            {
              "title": "TC002 SSN should be with \"-\" (example #2)",
              "fullTitle": "US_002 user in registeration page TC002 SSN should be with \"-\" (example #2)",
              "timedOut": null,
              "duration": 700,
              "state": "passed",
              "speed": "fast",
              "pass": true,
              "fail": false,
              "pending": false,
              "context": null,
              "code": "const state = window.testState;\nreturn cy\n  .then(() => state.onStartScenario(scenario, indexedSteps))\n  .then(() =>\n    resolveAndRunBeforeHooks.call(this, scenario.tags, state.feature.name)\n  )\n  .then(() =>\n    indexedSteps.forEach((step) =>\n      stepTest.call(this, state, step, rowData)\n    )\n  )\n  .then(() => state.onFinishScenario(scenario));",
              "err": {},
              "uuid": "4a1c06ce-a14e-41c5-a68e-7e9c7102c4f0",
              "parentUUID": "89739fed-938b-48e0-bbea-879a22cfbc01",
              "isHook": false,
              "skipped": false
            },
            {
              "title": "TC002 SSN should be with \"-\" (example #3)",
              "fullTitle": "US_002 user in registeration page TC002 SSN should be with \"-\" (example #3)",
              "timedOut": null,
              "duration": 580,
              "state": "passed",
              "speed": "fast",
              "pass": true,
              "fail": false,
              "pending": false,
              "context": null,
              "code": "const state = window.testState;\nreturn cy\n  .then(() => state.onStartScenario(scenario, indexedSteps))\n  .then(() =>\n    resolveAndRunBeforeHooks.call(this, scenario.tags, state.feature.name)\n  )\n  .then(() =>\n    indexedSteps.forEach((step) =>\n      stepTest.call(this, state, step, rowData)\n    )\n  )\n  .then(() => state.onFinishScenario(scenario));",
              "err": {},
              "uuid": "82a8df9c-23b3-43b0-aaa2-2de3c44c2fbd",
              "parentUUID": "89739fed-938b-48e0-bbea-879a22cfbc01",
              "isHook": false,
              "skipped": false
            },
            {
              "title": "TC002 SSN should be with \"-\" (example #4)",
              "fullTitle": "US_002 user in registeration page TC002 SSN should be with \"-\" (example #4)",
              "timedOut": null,
              "duration": 621,
              "state": "passed",
              "speed": "fast",
              "pass": true,
              "fail": false,
              "pending": false,
              "context": null,
              "code": "const state = window.testState;\nreturn cy\n  .then(() => state.onStartScenario(scenario, indexedSteps))\n  .then(() =>\n    resolveAndRunBeforeHooks.call(this, scenario.tags, state.feature.name)\n  )\n  .then(() =>\n    indexedSteps.forEach((step) =>\n      stepTest.call(this, state, step, rowData)\n    )\n  )\n  .then(() => state.onFinishScenario(scenario));",
              "err": {},
              "uuid": "e81d233d-7ec9-4ad3-bb1e-a9cd89fc58cf",
              "parentUUID": "89739fed-938b-48e0-bbea-879a22cfbc01",
              "isHook": false,
              "skipped": false
            },
            {
              "title": "TC002 SSN should be with \"-\" (example #5)",
              "fullTitle": "US_002 user in registeration page TC002 SSN should be with \"-\" (example #5)",
              "timedOut": null,
              "duration": 648,
              "state": "passed",
              "speed": "fast",
              "pass": true,
              "fail": false,
              "pending": false,
              "context": null,
              "code": "const state = window.testState;\nreturn cy\n  .then(() => state.onStartScenario(scenario, indexedSteps))\n  .then(() =>\n    resolveAndRunBeforeHooks.call(this, scenario.tags, state.feature.name)\n  )\n  .then(() =>\n    indexedSteps.forEach((step) =>\n      stepTest.call(this, state, step, rowData)\n    )\n  )\n  .then(() => state.onFinishScenario(scenario));",
              "err": {},
              "uuid": "2f447900-035c-42d7-b756-42230fcc5005",
              "parentUUID": "89739fed-938b-48e0-bbea-879a22cfbc01",
              "isHook": false,
              "skipped": false
            },
            {
              "title": "TC002 SSN should be with \"-\" (example #6)",
              "fullTitle": "US_002 user in registeration page TC002 SSN should be with \"-\" (example #6)",
              "timedOut": null,
              "duration": 570,
              "state": "passed",
              "speed": "fast",
              "pass": true,
              "fail": false,
              "pending": false,
              "context": null,
              "code": "const state = window.testState;\nreturn cy\n  .then(() => state.onStartScenario(scenario, indexedSteps))\n  .then(() =>\n    resolveAndRunBeforeHooks.call(this, scenario.tags, state.feature.name)\n  )\n  .then(() =>\n    indexedSteps.forEach((step) =>\n      stepTest.call(this, state, step, rowData)\n    )\n  )\n  .then(() => state.onFinishScenario(scenario));",
              "err": {},
              "uuid": "18514cd0-d854-4e75-abd4-3d73e11b8667",
              "parentUUID": "89739fed-938b-48e0-bbea-879a22cfbc01",
              "isHook": false,
              "skipped": false
            },
            {
              "title": "TC002 SSN should be with \"-\" (example #7)",
              "fullTitle": "US_002 user in registeration page TC002 SSN should be with \"-\" (example #7)",
              "timedOut": null,
              "duration": 650,
              "state": "passed",
              "speed": "fast",
              "pass": true,
              "fail": false,
              "pending": false,
              "context": null,
              "code": "const state = window.testState;\nreturn cy\n  .then(() => state.onStartScenario(scenario, indexedSteps))\n  .then(() =>\n    resolveAndRunBeforeHooks.call(this, scenario.tags, state.feature.name)\n  )\n  .then(() =>\n    indexedSteps.forEach((step) =>\n      stepTest.call(this, state, step, rowData)\n    )\n  )\n  .then(() => state.onFinishScenario(scenario));",
              "err": {},
              "uuid": "1713466e-662c-48e2-b5e3-d18d5c4442b5",
              "parentUUID": "89739fed-938b-48e0-bbea-879a22cfbc01",
              "isHook": false,
              "skipped": false
            },
            {
              "title": "TC002 SSN should be with \"-\" (example #8)",
              "fullTitle": "US_002 user in registeration page TC002 SSN should be with \"-\" (example #8)",
              "timedOut": null,
              "duration": 640,
              "state": "passed",
              "speed": "fast",
              "pass": true,
              "fail": false,
              "pending": false,
              "context": null,
              "code": "const state = window.testState;\nreturn cy\n  .then(() => state.onStartScenario(scenario, indexedSteps))\n  .then(() =>\n    resolveAndRunBeforeHooks.call(this, scenario.tags, state.feature.name)\n  )\n  .then(() =>\n    indexedSteps.forEach((step) =>\n      stepTest.call(this, state, step, rowData)\n    )\n  )\n  .then(() => state.onFinishScenario(scenario));",
              "err": {},
              "uuid": "77e7e0a3-3e7d-4f90-a646-54607ac3b6a8",
              "parentUUID": "89739fed-938b-48e0-bbea-879a22cfbc01",
              "isHook": false,
              "skipped": false
            },
            {
              "title": "TC002 SSN should be with \"-\" (example #9)",
              "fullTitle": "US_002 user in registeration page TC002 SSN should be with \"-\" (example #9)",
              "timedOut": null,
              "duration": 586,
              "state": "passed",
              "speed": "fast",
              "pass": true,
              "fail": false,
              "pending": false,
              "context": null,
              "code": "const state = window.testState;\nreturn cy\n  .then(() => state.onStartScenario(scenario, indexedSteps))\n  .then(() =>\n    resolveAndRunBeforeHooks.call(this, scenario.tags, state.feature.name)\n  )\n  .then(() =>\n    indexedSteps.forEach((step) =>\n      stepTest.call(this, state, step, rowData)\n    )\n  )\n  .then(() => state.onFinishScenario(scenario));",
              "err": {},
              "uuid": "d0e9a18d-76f8-416e-8014-16b4db14db16",
              "parentUUID": "89739fed-938b-48e0-bbea-879a22cfbc01",
              "isHook": false,
              "skipped": false
            },
            {
              "title": "TC003 phone number should be with \"-\" (example #1)",
              "fullTitle": "US_002 user in registeration page TC003 phone number should be with \"-\" (example #1)",
              "timedOut": null,
              "duration": 1630,
              "state": "passed",
              "speed": "fast",
              "pass": true,
              "fail": false,
              "pending": false,
              "context": null,
              "code": "const state = window.testState;\nreturn cy\n  .then(() => state.onStartScenario(scenario, indexedSteps))\n  .then(() =>\n    resolveAndRunBeforeHooks.call(this, scenario.tags, state.feature.name)\n  )\n  .then(() =>\n    indexedSteps.forEach((step) =>\n      stepTest.call(this, state, step, rowData)\n    )\n  )\n  .then(() => state.onFinishScenario(scenario));",
              "err": {},
              "uuid": "c25648b9-77b6-4ce4-a969-5b413b9054ea",
              "parentUUID": "89739fed-938b-48e0-bbea-879a22cfbc01",
              "isHook": false,
              "skipped": false
            },
            {
              "title": "TC003 phone number should be with \"-\" (example #2)",
              "fullTitle": "US_002 user in registeration page TC003 phone number should be with \"-\" (example #2)",
              "timedOut": null,
              "duration": 1446,
              "state": "passed",
              "speed": "fast",
              "pass": true,
              "fail": false,
              "pending": false,
              "context": null,
              "code": "const state = window.testState;\nreturn cy\n  .then(() => state.onStartScenario(scenario, indexedSteps))\n  .then(() =>\n    resolveAndRunBeforeHooks.call(this, scenario.tags, state.feature.name)\n  )\n  .then(() =>\n    indexedSteps.forEach((step) =>\n      stepTest.call(this, state, step, rowData)\n    )\n  )\n  .then(() => state.onFinishScenario(scenario));",
              "err": {},
              "uuid": "eaef87c5-2d19-4798-871c-6f339eb98a37",
              "parentUUID": "89739fed-938b-48e0-bbea-879a22cfbc01",
              "isHook": false,
              "skipped": false
            },
            {
              "title": "TC003 phone number should be with \"-\" (example #3)",
              "fullTitle": "US_002 user in registeration page TC003 phone number should be with \"-\" (example #3)",
              "timedOut": null,
              "duration": 1622,
              "state": "passed",
              "speed": "fast",
              "pass": true,
              "fail": false,
              "pending": false,
              "context": null,
              "code": "const state = window.testState;\nreturn cy\n  .then(() => state.onStartScenario(scenario, indexedSteps))\n  .then(() =>\n    resolveAndRunBeforeHooks.call(this, scenario.tags, state.feature.name)\n  )\n  .then(() =>\n    indexedSteps.forEach((step) =>\n      stepTest.call(this, state, step, rowData)\n    )\n  )\n  .then(() => state.onFinishScenario(scenario));",
              "err": {},
              "uuid": "fda5956a-8da4-4cc1-b1e5-abc24b3d74e1",
              "parentUUID": "89739fed-938b-48e0-bbea-879a22cfbc01",
              "isHook": false,
              "skipped": false
            },
            {
              "title": "TC003 phone number should be with \"-\" (example #4)",
              "fullTitle": "US_002 user in registeration page TC003 phone number should be with \"-\" (example #4)",
              "timedOut": null,
              "duration": 1407,
              "state": "passed",
              "speed": "fast",
              "pass": true,
              "fail": false,
              "pending": false,
              "context": null,
              "code": "const state = window.testState;\nreturn cy\n  .then(() => state.onStartScenario(scenario, indexedSteps))\n  .then(() =>\n    resolveAndRunBeforeHooks.call(this, scenario.tags, state.feature.name)\n  )\n  .then(() =>\n    indexedSteps.forEach((step) =>\n      stepTest.call(this, state, step, rowData)\n    )\n  )\n  .then(() => state.onFinishScenario(scenario));",
              "err": {},
              "uuid": "42956310-5890-41ba-92ea-fb753aa8813b",
              "parentUUID": "89739fed-938b-48e0-bbea-879a22cfbc01",
              "isHook": false,
              "skipped": false
            },
            {
              "title": "TC003 phone number should be with \"-\" (example #5)",
              "fullTitle": "US_002 user in registeration page TC003 phone number should be with \"-\" (example #5)",
              "timedOut": null,
              "duration": 1425,
              "state": "passed",
              "speed": "fast",
              "pass": true,
              "fail": false,
              "pending": false,
              "context": null,
              "code": "const state = window.testState;\nreturn cy\n  .then(() => state.onStartScenario(scenario, indexedSteps))\n  .then(() =>\n    resolveAndRunBeforeHooks.call(this, scenario.tags, state.feature.name)\n  )\n  .then(() =>\n    indexedSteps.forEach((step) =>\n      stepTest.call(this, state, step, rowData)\n    )\n  )\n  .then(() => state.onFinishScenario(scenario));",
              "err": {},
              "uuid": "0162230f-80fb-46b4-8ed3-ad0109ad1b58",
              "parentUUID": "89739fed-938b-48e0-bbea-879a22cfbc01",
              "isHook": false,
              "skipped": false
            },
            {
              "title": "TC003 phone number should be with \"-\" (example #6)",
              "fullTitle": "US_002 user in registeration page TC003 phone number should be with \"-\" (example #6)",
              "timedOut": null,
              "duration": 1451,
              "state": "passed",
              "speed": "fast",
              "pass": true,
              "fail": false,
              "pending": false,
              "context": null,
              "code": "const state = window.testState;\nreturn cy\n  .then(() => state.onStartScenario(scenario, indexedSteps))\n  .then(() =>\n    resolveAndRunBeforeHooks.call(this, scenario.tags, state.feature.name)\n  )\n  .then(() =>\n    indexedSteps.forEach((step) =>\n      stepTest.call(this, state, step, rowData)\n    )\n  )\n  .then(() => state.onFinishScenario(scenario));",
              "err": {},
              "uuid": "c2e4a566-d6f4-4589-8316-120af1186615",
              "parentUUID": "89739fed-938b-48e0-bbea-879a22cfbc01",
              "isHook": false,
              "skipped": false
            },
            {
              "title": "TC003 phone number should be with \"-\" (example #7)",
              "fullTitle": "US_002 user in registeration page TC003 phone number should be with \"-\" (example #7)",
              "timedOut": null,
              "duration": 1424,
              "state": "passed",
              "speed": "fast",
              "pass": true,
              "fail": false,
              "pending": false,
              "context": null,
              "code": "const state = window.testState;\nreturn cy\n  .then(() => state.onStartScenario(scenario, indexedSteps))\n  .then(() =>\n    resolveAndRunBeforeHooks.call(this, scenario.tags, state.feature.name)\n  )\n  .then(() =>\n    indexedSteps.forEach((step) =>\n      stepTest.call(this, state, step, rowData)\n    )\n  )\n  .then(() => state.onFinishScenario(scenario));",
              "err": {},
              "uuid": "1c204902-7964-449c-bbfd-44c4b6355878",
              "parentUUID": "89739fed-938b-48e0-bbea-879a22cfbc01",
              "isHook": false,
              "skipped": false
            },
            {
              "title": "TC003 phone number should be with \"-\" (example #8)",
              "fullTitle": "US_002 user in registeration page TC003 phone number should be with \"-\" (example #8)",
              "timedOut": null,
              "duration": 1432,
              "state": "passed",
              "speed": "fast",
              "pass": true,
              "fail": false,
              "pending": false,
              "context": null,
              "code": "const state = window.testState;\nreturn cy\n  .then(() => state.onStartScenario(scenario, indexedSteps))\n  .then(() =>\n    resolveAndRunBeforeHooks.call(this, scenario.tags, state.feature.name)\n  )\n  .then(() =>\n    indexedSteps.forEach((step) =>\n      stepTest.call(this, state, step, rowData)\n    )\n  )\n  .then(() => state.onFinishScenario(scenario));",
              "err": {},
              "uuid": "054d4c49-3ea2-4a34-9b71-07e8040b3c44",
              "parentUUID": "89739fed-938b-48e0-bbea-879a22cfbc01",
              "isHook": false,
              "skipped": false
            },
            {
              "title": "TC003 phone number should be with \"-\" (example #9)",
              "fullTitle": "US_002 user in registeration page TC003 phone number should be with \"-\" (example #9)",
              "timedOut": null,
              "duration": 1426,
              "state": "passed",
              "speed": "fast",
              "pass": true,
              "fail": false,
              "pending": false,
              "context": null,
              "code": "const state = window.testState;\nreturn cy\n  .then(() => state.onStartScenario(scenario, indexedSteps))\n  .then(() =>\n    resolveAndRunBeforeHooks.call(this, scenario.tags, state.feature.name)\n  )\n  .then(() =>\n    indexedSteps.forEach((step) =>\n      stepTest.call(this, state, step, rowData)\n    )\n  )\n  .then(() => state.onFinishScenario(scenario));",
              "err": {},
              "uuid": "9580e609-de35-445d-943d-2139330f0710",
              "parentUUID": "89739fed-938b-48e0-bbea-879a22cfbc01",
              "isHook": false,
              "skipped": false
            },
            {
              "title": "TC004 email should be with \"@\" and \".\" (example #1)",
              "fullTitle": "US_002 user in registeration page TC004 email should be with \"@\" and \".\" (example #1)",
              "timedOut": null,
              "duration": 2035,
              "state": "passed",
              "speed": "fast",
              "pass": true,
              "fail": false,
              "pending": false,
              "context": null,
              "code": "const state = window.testState;\nreturn cy\n  .then(() => state.onStartScenario(scenario, indexedSteps))\n  .then(() =>\n    resolveAndRunBeforeHooks.call(this, scenario.tags, state.feature.name)\n  )\n  .then(() =>\n    indexedSteps.forEach((step) =>\n      stepTest.call(this, state, step, rowData)\n    )\n  )\n  .then(() => state.onFinishScenario(scenario));",
              "err": {},
              "uuid": "23a0c55a-65f1-4937-9ed8-d85521fe2cd9",
              "parentUUID": "89739fed-938b-48e0-bbea-879a22cfbc01",
              "isHook": false,
              "skipped": false
            },
            {
              "title": "TC004 email should be with \"@\" and \".\" (example #2)",
              "fullTitle": "US_002 user in registeration page TC004 email should be with \"@\" and \".\" (example #2)",
              "timedOut": null,
              "duration": 1658,
              "state": "passed",
              "speed": "fast",
              "pass": true,
              "fail": false,
              "pending": false,
              "context": null,
              "code": "const state = window.testState;\nreturn cy\n  .then(() => state.onStartScenario(scenario, indexedSteps))\n  .then(() =>\n    resolveAndRunBeforeHooks.call(this, scenario.tags, state.feature.name)\n  )\n  .then(() =>\n    indexedSteps.forEach((step) =>\n      stepTest.call(this, state, step, rowData)\n    )\n  )\n  .then(() => state.onFinishScenario(scenario));",
              "err": {},
              "uuid": "3270e5c4-eec6-4fff-8ad7-3c58d67e4bc6",
              "parentUUID": "89739fed-938b-48e0-bbea-879a22cfbc01",
              "isHook": false,
              "skipped": false
            },
            {
              "title": "TC004 email should be with \"@\" and \".\" (example #3)",
              "fullTitle": "US_002 user in registeration page TC004 email should be with \"@\" and \".\" (example #3)",
              "timedOut": null,
              "duration": 1621,
              "state": "passed",
              "speed": "fast",
              "pass": true,
              "fail": false,
              "pending": false,
              "context": null,
              "code": "const state = window.testState;\nreturn cy\n  .then(() => state.onStartScenario(scenario, indexedSteps))\n  .then(() =>\n    resolveAndRunBeforeHooks.call(this, scenario.tags, state.feature.name)\n  )\n  .then(() =>\n    indexedSteps.forEach((step) =>\n      stepTest.call(this, state, step, rowData)\n    )\n  )\n  .then(() => state.onFinishScenario(scenario));",
              "err": {},
              "uuid": "6be9aaad-63e0-4f4c-b6a1-23f3404cc719",
              "parentUUID": "89739fed-938b-48e0-bbea-879a22cfbc01",
              "isHook": false,
              "skipped": false
            },
            {
              "title": "TC004 email should be with \"@\" and \".\" (example #4)",
              "fullTitle": "US_002 user in registeration page TC004 email should be with \"@\" and \".\" (example #4)",
              "timedOut": null,
              "duration": 1669,
              "state": "passed",
              "speed": "fast",
              "pass": true,
              "fail": false,
              "pending": false,
              "context": null,
              "code": "const state = window.testState;\nreturn cy\n  .then(() => state.onStartScenario(scenario, indexedSteps))\n  .then(() =>\n    resolveAndRunBeforeHooks.call(this, scenario.tags, state.feature.name)\n  )\n  .then(() =>\n    indexedSteps.forEach((step) =>\n      stepTest.call(this, state, step, rowData)\n    )\n  )\n  .then(() => state.onFinishScenario(scenario));",
              "err": {},
              "uuid": "6e8fff93-72ed-46e8-a370-5de786c61011",
              "parentUUID": "89739fed-938b-48e0-bbea-879a22cfbc01",
              "isHook": false,
              "skipped": false
            },
            {
              "title": "TC004 email should be with \"@\" and \".\" (example #5)",
              "fullTitle": "US_002 user in registeration page TC004 email should be with \"@\" and \".\" (example #5)",
              "timedOut": null,
              "duration": 1592,
              "state": "passed",
              "speed": "fast",
              "pass": true,
              "fail": false,
              "pending": false,
              "context": null,
              "code": "const state = window.testState;\nreturn cy\n  .then(() => state.onStartScenario(scenario, indexedSteps))\n  .then(() =>\n    resolveAndRunBeforeHooks.call(this, scenario.tags, state.feature.name)\n  )\n  .then(() =>\n    indexedSteps.forEach((step) =>\n      stepTest.call(this, state, step, rowData)\n    )\n  )\n  .then(() => state.onFinishScenario(scenario));",
              "err": {},
              "uuid": "fef840fb-276e-4783-8215-4c3bc582b69e",
              "parentUUID": "89739fed-938b-48e0-bbea-879a22cfbc01",
              "isHook": false,
              "skipped": false
            },
            {
              "title": "TC004 email should be with \"@\" and \".\" (example #6)",
              "fullTitle": "US_002 user in registeration page TC004 email should be with \"@\" and \".\" (example #6)",
              "timedOut": null,
              "duration": 1693,
              "state": "passed",
              "speed": "fast",
              "pass": true,
              "fail": false,
              "pending": false,
              "context": null,
              "code": "const state = window.testState;\nreturn cy\n  .then(() => state.onStartScenario(scenario, indexedSteps))\n  .then(() =>\n    resolveAndRunBeforeHooks.call(this, scenario.tags, state.feature.name)\n  )\n  .then(() =>\n    indexedSteps.forEach((step) =>\n      stepTest.call(this, state, step, rowData)\n    )\n  )\n  .then(() => state.onFinishScenario(scenario));",
              "err": {},
              "uuid": "a7da332b-c2e9-4d10-b9d8-32a3bddcd6c9",
              "parentUUID": "89739fed-938b-48e0-bbea-879a22cfbc01",
              "isHook": false,
              "skipped": false
            }
          ],
          "suites": [],
          "passes": [
            "4f5f55b5-7c6a-4878-9666-26891b470d06",
            "be2b18b0-34d6-4455-acaf-e79c1fc7c8fd",
            "4a1c06ce-a14e-41c5-a68e-7e9c7102c4f0",
            "82a8df9c-23b3-43b0-aaa2-2de3c44c2fbd",
            "e81d233d-7ec9-4ad3-bb1e-a9cd89fc58cf",
            "2f447900-035c-42d7-b756-42230fcc5005",
            "18514cd0-d854-4e75-abd4-3d73e11b8667",
            "1713466e-662c-48e2-b5e3-d18d5c4442b5",
            "77e7e0a3-3e7d-4f90-a646-54607ac3b6a8",
            "d0e9a18d-76f8-416e-8014-16b4db14db16",
            "c25648b9-77b6-4ce4-a969-5b413b9054ea",
            "eaef87c5-2d19-4798-871c-6f339eb98a37",
            "fda5956a-8da4-4cc1-b1e5-abc24b3d74e1",
            "42956310-5890-41ba-92ea-fb753aa8813b",
            "0162230f-80fb-46b4-8ed3-ad0109ad1b58",
            "c2e4a566-d6f4-4589-8316-120af1186615",
            "1c204902-7964-449c-bbfd-44c4b6355878",
            "054d4c49-3ea2-4a34-9b71-07e8040b3c44",
            "9580e609-de35-445d-943d-2139330f0710",
            "23a0c55a-65f1-4937-9ed8-d85521fe2cd9",
            "3270e5c4-eec6-4fff-8ad7-3c58d67e4bc6",
            "6be9aaad-63e0-4f4c-b6a1-23f3404cc719",
            "6e8fff93-72ed-46e8-a370-5de786c61011",
            "fef840fb-276e-4783-8215-4c3bc582b69e",
            "a7da332b-c2e9-4d10-b9d8-32a3bddcd6c9"
          ],
          "failures": [],
          "pending": [],
          "skipped": [],
          "duration": 47499,
          "root": false,
          "rootEmpty": false,
          "_timeout": 2000
        }
      ],
      "passes": [],
      "failures": [],
      "pending": [],
      "skipped": [],
      "duration": 0,
      "root": true,
      "rootEmpty": true,
      "_timeout": 2000
    }
  ],
  "meta": {
    "mocha": {
      "version": "7.0.1"
    },
    "mochawesome": {
      "options": {
        "quiet": false,
        "reportFilename": "mochawesome",
        "saveHtml": false,
        "saveJson": true,
        "consoleReporter": "spec",
        "useInlineDiffs": false,
        "code": true
      },
      "version": "7.0.1"
    },
    "marge": {
      "options": {
        "id": "default",
        "reportDir": "cypress/reports/mocha",
        "quite": true,
        "overwrite": false,
        "html": false,
        "json": true
      },
      "version": "6.0.1"
    }
  }
}