{
  "stats": {
    "suites": 1,
    "tests": 1,
    "passes": 1,
    "pending": 0,
    "failures": 0,
    "start": "2022-01-30T20:19:56.734Z",
    "end": "2022-01-30T20:20:56.211Z",
    "duration": 59477,
    "testsRegistered": 1,
    "passPercent": 100,
    "pendingPercent": 0,
    "other": 0,
    "hasOther": false,
    "skipped": 0,
    "hasSkipped": false
  },
  "results": [
    {
      "uuid": "e0b5f370-24c8-4d46-9b0d-06899acd1272",
      "title": "",
      "fullFile": "cypress/integration/US_010.feature",
      "file": "cypress/integration/US_010.feature",
      "beforeHooks": [],
      "afterHooks": [],
      "tests": [],
      "suites": [
        {
          "uuid": "1778215c-0178-468d-9478-dcdaf8a0c227",
          "title": "US_010 Address of customer can be created",
          "fullFile": "",
          "file": "",
          "beforeHooks": [],
          "afterHooks": [],
          "tests": [
            {
              "title": "TC_001 Address as street and number should be provided  and cannot be left blank",
              "fullTitle": "US_010 Address of customer can be created TC_001 Address as street and number should be provided  and cannot be left blank",
              "timedOut": null,
              "duration": 52678,
              "state": "passed",
              "speed": "slow",
              "pass": true,
              "fail": false,
              "pending": false,
              "context": null,
              "code": "const state = window.testState;\nreturn cy\n  .then(() => state.onStartScenario(scenario, indexedSteps))\n  .then(() =>\n    resolveAndRunBeforeHooks.call(this, scenario.tags, state.feature.name)\n  )\n  .then(() =>\n    indexedSteps.forEach((step) =>\n      stepTest.call(this, state, step, rowData)\n    )\n  )\n  .then(() => state.onFinishScenario(scenario));",
              "err": {},
              "uuid": "0274c5fa-a554-4c9f-8058-2bf0aa573320",
              "parentUUID": "1778215c-0178-468d-9478-dcdaf8a0c227",
              "isHook": false,
              "skipped": false
            }
          ],
          "suites": [],
          "passes": [
            "0274c5fa-a554-4c9f-8058-2bf0aa573320"
          ],
          "failures": [],
          "pending": [],
          "skipped": [],
          "duration": 52678,
          "root": false,
          "rootEmpty": false,
          "_timeout": 2000
        }
      ],
      "passes": [],
      "failures": [],
      "pending": [],
      "skipped": [],
      "duration": 0,
      "root": true,
      "rootEmpty": true,
      "_timeout": 2000
    }
  ],
  "meta": {
    "mocha": {
      "version": "7.0.1"
    },
    "mochawesome": {
      "options": {
        "quiet": false,
        "reportFilename": "mochawesome",
        "saveHtml": false,
        "saveJson": true,
        "consoleReporter": "spec",
        "useInlineDiffs": false,
        "code": true
      },
      "version": "7.0.1"
    },
    "marge": {
      "options": {
        "id": "default",
        "reportDir": "cypress/reports/mocha",
        "quite": true,
        "overwrite": false,
        "html": false,
        "json": true
      },
      "version": "6.0.1"
    }
  }
}