{
  "stats": {
    "suites": 1,
    "tests": 25,
    "passes": 25,
    "pending": 0,
    "failures": 0,
    "start": "2022-02-01T18:33:01.330Z",
    "end": "2022-02-01T18:34:01.975Z",
    "duration": 60645,
    "testsRegistered": 25,
    "passPercent": 100,
    "pendingPercent": 0,
    "other": 0,
    "hasOther": false,
    "skipped": 0,
    "hasSkipped": false
  },
  "results": [
    {
      "uuid": "0fc0ad7f-c2a2-4c00-8e35-5536374a7fc2",
      "title": "",
      "fullFile": "cypress/integration/US_002.feature",
      "file": "cypress/integration/US_002.feature",
      "beforeHooks": [],
      "afterHooks": [],
      "tests": [],
      "suites": [
        {
          "uuid": "086a3057-02bd-46ab-895c-0a694299d1bb",
          "title": "US_002 user in registeration page",
          "fullFile": "",
          "file": "",
          "beforeHooks": [],
          "afterHooks": [],
          "tests": [
            {
              "title": "TC001 Any field on the registration page should not be left blank",
              "fullTitle": "US_002 user in registeration page TC001 Any field on the registration page should not be left blank",
              "timedOut": null,
              "duration": 19895,
              "state": "passed",
              "speed": "slow",
              "pass": true,
              "fail": false,
              "pending": false,
              "context": null,
              "code": "const state = window.testState;\nreturn cy\n  .then(() => state.onStartScenario(scenario, indexedSteps))\n  .then(() =>\n    resolveAndRunBeforeHooks.call(this, scenario.tags, state.feature.name)\n  )\n  .then(() =>\n    indexedSteps.forEach((step) =>\n      stepTest.call(this, state, step, rowData)\n    )\n  )\n  .then(() => state.onFinishScenario(scenario));",
              "err": {},
              "uuid": "293ada68-0b9a-40c5-aced-eca2c341fac8",
              "parentUUID": "086a3057-02bd-46ab-895c-0a694299d1bb",
              "isHook": false,
              "skipped": false
            },
            {
              "title": "TC002 SSN should be with \"-\" (example #1)",
              "fullTitle": "US_002 user in registeration page TC002 SSN should be with \"-\" (example #1)",
              "timedOut": null,
              "duration": 1322,
              "state": "passed",
              "speed": "fast",
              "pass": true,
              "fail": false,
              "pending": false,
              "context": null,
              "code": "const state = window.testState;\nreturn cy\n  .then(() => state.onStartScenario(scenario, indexedSteps))\n  .then(() =>\n    resolveAndRunBeforeHooks.call(this, scenario.tags, state.feature.name)\n  )\n  .then(() =>\n    indexedSteps.forEach((step) =>\n      stepTest.call(this, state, step, rowData)\n    )\n  )\n  .then(() => state.onFinishScenario(scenario));",
              "err": {},
              "uuid": "7935b2bb-4a47-4d18-ad75-f2d94cf44320",
              "parentUUID": "086a3057-02bd-46ab-895c-0a694299d1bb",
              "isHook": false,
              "skipped": false
            },
            {
              "title": "TC002 SSN should be with \"-\" (example #2)",
              "fullTitle": "US_002 user in registeration page TC002 SSN should be with \"-\" (example #2)",
              "timedOut": null,
              "duration": 859,
              "state": "passed",
              "speed": "fast",
              "pass": true,
              "fail": false,
              "pending": false,
              "context": null,
              "code": "const state = window.testState;\nreturn cy\n  .then(() => state.onStartScenario(scenario, indexedSteps))\n  .then(() =>\n    resolveAndRunBeforeHooks.call(this, scenario.tags, state.feature.name)\n  )\n  .then(() =>\n    indexedSteps.forEach((step) =>\n      stepTest.call(this, state, step, rowData)\n    )\n  )\n  .then(() => state.onFinishScenario(scenario));",
              "err": {},
              "uuid": "bc9070fd-7cde-4849-8c96-13a97681e32f",
              "parentUUID": "086a3057-02bd-46ab-895c-0a694299d1bb",
              "isHook": false,
              "skipped": false
            },
            {
              "title": "TC002 SSN should be with \"-\" (example #3)",
              "fullTitle": "US_002 user in registeration page TC002 SSN should be with \"-\" (example #3)",
              "timedOut": null,
              "duration": 904,
              "state": "passed",
              "speed": "fast",
              "pass": true,
              "fail": false,
              "pending": false,
              "context": null,
              "code": "const state = window.testState;\nreturn cy\n  .then(() => state.onStartScenario(scenario, indexedSteps))\n  .then(() =>\n    resolveAndRunBeforeHooks.call(this, scenario.tags, state.feature.name)\n  )\n  .then(() =>\n    indexedSteps.forEach((step) =>\n      stepTest.call(this, state, step, rowData)\n    )\n  )\n  .then(() => state.onFinishScenario(scenario));",
              "err": {},
              "uuid": "799fee5b-a7dd-4769-a46f-ea4df5a9fc9b",
              "parentUUID": "086a3057-02bd-46ab-895c-0a694299d1bb",
              "isHook": false,
              "skipped": false
            },
            {
              "title": "TC002 SSN should be with \"-\" (example #4)",
              "fullTitle": "US_002 user in registeration page TC002 SSN should be with \"-\" (example #4)",
              "timedOut": null,
              "duration": 868,
              "state": "passed",
              "speed": "fast",
              "pass": true,
              "fail": false,
              "pending": false,
              "context": null,
              "code": "const state = window.testState;\nreturn cy\n  .then(() => state.onStartScenario(scenario, indexedSteps))\n  .then(() =>\n    resolveAndRunBeforeHooks.call(this, scenario.tags, state.feature.name)\n  )\n  .then(() =>\n    indexedSteps.forEach((step) =>\n      stepTest.call(this, state, step, rowData)\n    )\n  )\n  .then(() => state.onFinishScenario(scenario));",
              "err": {},
              "uuid": "b5cbf2a4-e9d8-4037-881b-c56fd25eff34",
              "parentUUID": "086a3057-02bd-46ab-895c-0a694299d1bb",
              "isHook": false,
              "skipped": false
            },
            {
              "title": "TC002 SSN should be with \"-\" (example #5)",
              "fullTitle": "US_002 user in registeration page TC002 SSN should be with \"-\" (example #5)",
              "timedOut": null,
              "duration": 825,
              "state": "passed",
              "speed": "fast",
              "pass": true,
              "fail": false,
              "pending": false,
              "context": null,
              "code": "const state = window.testState;\nreturn cy\n  .then(() => state.onStartScenario(scenario, indexedSteps))\n  .then(() =>\n    resolveAndRunBeforeHooks.call(this, scenario.tags, state.feature.name)\n  )\n  .then(() =>\n    indexedSteps.forEach((step) =>\n      stepTest.call(this, state, step, rowData)\n    )\n  )\n  .then(() => state.onFinishScenario(scenario));",
              "err": {},
              "uuid": "f0f52080-9c9e-4a22-ad95-222b052cb527",
              "parentUUID": "086a3057-02bd-46ab-895c-0a694299d1bb",
              "isHook": false,
              "skipped": false
            },
            {
              "title": "TC002 SSN should be with \"-\" (example #6)",
              "fullTitle": "US_002 user in registeration page TC002 SSN should be with \"-\" (example #6)",
              "timedOut": null,
              "duration": 820,
              "state": "passed",
              "speed": "fast",
              "pass": true,
              "fail": false,
              "pending": false,
              "context": null,
              "code": "const state = window.testState;\nreturn cy\n  .then(() => state.onStartScenario(scenario, indexedSteps))\n  .then(() =>\n    resolveAndRunBeforeHooks.call(this, scenario.tags, state.feature.name)\n  )\n  .then(() =>\n    indexedSteps.forEach((step) =>\n      stepTest.call(this, state, step, rowData)\n    )\n  )\n  .then(() => state.onFinishScenario(scenario));",
              "err": {},
              "uuid": "5f925730-36ab-41f3-9f50-e64cac54ade3",
              "parentUUID": "086a3057-02bd-46ab-895c-0a694299d1bb",
              "isHook": false,
              "skipped": false
            },
            {
              "title": "TC002 SSN should be with \"-\" (example #7)",
              "fullTitle": "US_002 user in registeration page TC002 SSN should be with \"-\" (example #7)",
              "timedOut": null,
              "duration": 995,
              "state": "passed",
              "speed": "fast",
              "pass": true,
              "fail": false,
              "pending": false,
              "context": null,
              "code": "const state = window.testState;\nreturn cy\n  .then(() => state.onStartScenario(scenario, indexedSteps))\n  .then(() =>\n    resolveAndRunBeforeHooks.call(this, scenario.tags, state.feature.name)\n  )\n  .then(() =>\n    indexedSteps.forEach((step) =>\n      stepTest.call(this, state, step, rowData)\n    )\n  )\n  .then(() => state.onFinishScenario(scenario));",
              "err": {},
              "uuid": "12085209-f3aa-4220-8d3c-9a1c7f3a8ac8",
              "parentUUID": "086a3057-02bd-46ab-895c-0a694299d1bb",
              "isHook": false,
              "skipped": false
            },
            {
              "title": "TC002 SSN should be with \"-\" (example #8)",
              "fullTitle": "US_002 user in registeration page TC002 SSN should be with \"-\" (example #8)",
              "timedOut": null,
              "duration": 902,
              "state": "passed",
              "speed": "fast",
              "pass": true,
              "fail": false,
              "pending": false,
              "context": null,
              "code": "const state = window.testState;\nreturn cy\n  .then(() => state.onStartScenario(scenario, indexedSteps))\n  .then(() =>\n    resolveAndRunBeforeHooks.call(this, scenario.tags, state.feature.name)\n  )\n  .then(() =>\n    indexedSteps.forEach((step) =>\n      stepTest.call(this, state, step, rowData)\n    )\n  )\n  .then(() => state.onFinishScenario(scenario));",
              "err": {},
              "uuid": "ea954727-fabe-4833-b9b6-f643778cfaaa",
              "parentUUID": "086a3057-02bd-46ab-895c-0a694299d1bb",
              "isHook": false,
              "skipped": false
            },
            {
              "title": "TC002 SSN should be with \"-\" (example #9)",
              "fullTitle": "US_002 user in registeration page TC002 SSN should be with \"-\" (example #9)",
              "timedOut": null,
              "duration": 871,
              "state": "passed",
              "speed": "fast",
              "pass": true,
              "fail": false,
              "pending": false,
              "context": null,
              "code": "const state = window.testState;\nreturn cy\n  .then(() => state.onStartScenario(scenario, indexedSteps))\n  .then(() =>\n    resolveAndRunBeforeHooks.call(this, scenario.tags, state.feature.name)\n  )\n  .then(() =>\n    indexedSteps.forEach((step) =>\n      stepTest.call(this, state, step, rowData)\n    )\n  )\n  .then(() => state.onFinishScenario(scenario));",
              "err": {},
              "uuid": "9aca8aae-b119-4b79-a171-95f50deaf556",
              "parentUUID": "086a3057-02bd-46ab-895c-0a694299d1bb",
              "isHook": false,
              "skipped": false
            },
            {
              "title": "TC003 phone number should be with \"-\" (example #1)",
              "fullTitle": "US_002 user in registeration page TC003 phone number should be with \"-\" (example #1)",
              "timedOut": null,
              "duration": 1905,
              "state": "passed",
              "speed": "fast",
              "pass": true,
              "fail": false,
              "pending": false,
              "context": null,
              "code": "const state = window.testState;\nreturn cy\n  .then(() => state.onStartScenario(scenario, indexedSteps))\n  .then(() =>\n    resolveAndRunBeforeHooks.call(this, scenario.tags, state.feature.name)\n  )\n  .then(() =>\n    indexedSteps.forEach((step) =>\n      stepTest.call(this, state, step, rowData)\n    )\n  )\n  .then(() => state.onFinishScenario(scenario));",
              "err": {},
              "uuid": "b3b32000-37c2-40e7-8045-ad3091413240",
              "parentUUID": "086a3057-02bd-46ab-895c-0a694299d1bb",
              "isHook": false,
              "skipped": false
            },
            {
              "title": "TC003 phone number should be with \"-\" (example #2)",
              "fullTitle": "US_002 user in registeration page TC003 phone number should be with \"-\" (example #2)",
              "timedOut": null,
              "duration": 1655,
              "state": "passed",
              "speed": "fast",
              "pass": true,
              "fail": false,
              "pending": false,
              "context": null,
              "code": "const state = window.testState;\nreturn cy\n  .then(() => state.onStartScenario(scenario, indexedSteps))\n  .then(() =>\n    resolveAndRunBeforeHooks.call(this, scenario.tags, state.feature.name)\n  )\n  .then(() =>\n    indexedSteps.forEach((step) =>\n      stepTest.call(this, state, step, rowData)\n    )\n  )\n  .then(() => state.onFinishScenario(scenario));",
              "err": {},
              "uuid": "caad1983-25c9-4d9e-a377-b7176338c3bc",
              "parentUUID": "086a3057-02bd-46ab-895c-0a694299d1bb",
              "isHook": false,
              "skipped": false
            },
            {
              "title": "TC003 phone number should be with \"-\" (example #3)",
              "fullTitle": "US_002 user in registeration page TC003 phone number should be with \"-\" (example #3)",
              "timedOut": null,
              "duration": 1839,
              "state": "passed",
              "speed": "fast",
              "pass": true,
              "fail": false,
              "pending": false,
              "context": null,
              "code": "const state = window.testState;\nreturn cy\n  .then(() => state.onStartScenario(scenario, indexedSteps))\n  .then(() =>\n    resolveAndRunBeforeHooks.call(this, scenario.tags, state.feature.name)\n  )\n  .then(() =>\n    indexedSteps.forEach((step) =>\n      stepTest.call(this, state, step, rowData)\n    )\n  )\n  .then(() => state.onFinishScenario(scenario));",
              "err": {},
              "uuid": "6cee0425-1b71-458f-9776-7a0476f67b2a",
              "parentUUID": "086a3057-02bd-46ab-895c-0a694299d1bb",
              "isHook": false,
              "skipped": false
            },
            {
              "title": "TC003 phone number should be with \"-\" (example #4)",
              "fullTitle": "US_002 user in registeration page TC003 phone number should be with \"-\" (example #4)",
              "timedOut": null,
              "duration": 1577,
              "state": "passed",
              "speed": "fast",
              "pass": true,
              "fail": false,
              "pending": false,
              "context": null,
              "code": "const state = window.testState;\nreturn cy\n  .then(() => state.onStartScenario(scenario, indexedSteps))\n  .then(() =>\n    resolveAndRunBeforeHooks.call(this, scenario.tags, state.feature.name)\n  )\n  .then(() =>\n    indexedSteps.forEach((step) =>\n      stepTest.call(this, state, step, rowData)\n    )\n  )\n  .then(() => state.onFinishScenario(scenario));",
              "err": {},
              "uuid": "c5c98822-9c45-475a-b2ef-47bfccc9bfbd",
              "parentUUID": "086a3057-02bd-46ab-895c-0a694299d1bb",
              "isHook": false,
              "skipped": false
            },
            {
              "title": "TC003 phone number should be with \"-\" (example #5)",
              "fullTitle": "US_002 user in registeration page TC003 phone number should be with \"-\" (example #5)",
              "timedOut": null,
              "duration": 1608,
              "state": "passed",
              "speed": "fast",
              "pass": true,
              "fail": false,
              "pending": false,
              "context": null,
              "code": "const state = window.testState;\nreturn cy\n  .then(() => state.onStartScenario(scenario, indexedSteps))\n  .then(() =>\n    resolveAndRunBeforeHooks.call(this, scenario.tags, state.feature.name)\n  )\n  .then(() =>\n    indexedSteps.forEach((step) =>\n      stepTest.call(this, state, step, rowData)\n    )\n  )\n  .then(() => state.onFinishScenario(scenario));",
              "err": {},
              "uuid": "1713aa19-22b3-4155-b642-c5836dde1a79",
              "parentUUID": "086a3057-02bd-46ab-895c-0a694299d1bb",
              "isHook": false,
              "skipped": false
            },
            {
              "title": "TC003 phone number should be with \"-\" (example #6)",
              "fullTitle": "US_002 user in registeration page TC003 phone number should be with \"-\" (example #6)",
              "timedOut": null,
              "duration": 1571,
              "state": "passed",
              "speed": "fast",
              "pass": true,
              "fail": false,
              "pending": false,
              "context": null,
              "code": "const state = window.testState;\nreturn cy\n  .then(() => state.onStartScenario(scenario, indexedSteps))\n  .then(() =>\n    resolveAndRunBeforeHooks.call(this, scenario.tags, state.feature.name)\n  )\n  .then(() =>\n    indexedSteps.forEach((step) =>\n      stepTest.call(this, state, step, rowData)\n    )\n  )\n  .then(() => state.onFinishScenario(scenario));",
              "err": {},
              "uuid": "ba11e35f-2157-451e-a623-af1fd0222d9d",
              "parentUUID": "086a3057-02bd-46ab-895c-0a694299d1bb",
              "isHook": false,
              "skipped": false
            },
            {
              "title": "TC003 phone number should be with \"-\" (example #7)",
              "fullTitle": "US_002 user in registeration page TC003 phone number should be with \"-\" (example #7)",
              "timedOut": null,
              "duration": 1562,
              "state": "passed",
              "speed": "fast",
              "pass": true,
              "fail": false,
              "pending": false,
              "context": null,
              "code": "const state = window.testState;\nreturn cy\n  .then(() => state.onStartScenario(scenario, indexedSteps))\n  .then(() =>\n    resolveAndRunBeforeHooks.call(this, scenario.tags, state.feature.name)\n  )\n  .then(() =>\n    indexedSteps.forEach((step) =>\n      stepTest.call(this, state, step, rowData)\n    )\n  )\n  .then(() => state.onFinishScenario(scenario));",
              "err": {},
              "uuid": "557d8e84-6a38-4399-9a32-f63b4e6ee1c7",
              "parentUUID": "086a3057-02bd-46ab-895c-0a694299d1bb",
              "isHook": false,
              "skipped": false
            },
            {
              "title": "TC003 phone number should be with \"-\" (example #8)",
              "fullTitle": "US_002 user in registeration page TC003 phone number should be with \"-\" (example #8)",
              "timedOut": null,
              "duration": 1664,
              "state": "passed",
              "speed": "fast",
              "pass": true,
              "fail": false,
              "pending": false,
              "context": null,
              "code": "const state = window.testState;\nreturn cy\n  .then(() => state.onStartScenario(scenario, indexedSteps))\n  .then(() =>\n    resolveAndRunBeforeHooks.call(this, scenario.tags, state.feature.name)\n  )\n  .then(() =>\n    indexedSteps.forEach((step) =>\n      stepTest.call(this, state, step, rowData)\n    )\n  )\n  .then(() => state.onFinishScenario(scenario));",
              "err": {},
              "uuid": "7de1988f-8ae6-4c7a-9644-8769eedee2c7",
              "parentUUID": "086a3057-02bd-46ab-895c-0a694299d1bb",
              "isHook": false,
              "skipped": false
            },
            {
              "title": "TC003 phone number should be with \"-\" (example #9)",
              "fullTitle": "US_002 user in registeration page TC003 phone number should be with \"-\" (example #9)",
              "timedOut": null,
              "duration": 1695,
              "state": "passed",
              "speed": "fast",
              "pass": true,
              "fail": false,
              "pending": false,
              "context": null,
              "code": "const state = window.testState;\nreturn cy\n  .then(() => state.onStartScenario(scenario, indexedSteps))\n  .then(() =>\n    resolveAndRunBeforeHooks.call(this, scenario.tags, state.feature.name)\n  )\n  .then(() =>\n    indexedSteps.forEach((step) =>\n      stepTest.call(this, state, step, rowData)\n    )\n  )\n  .then(() => state.onFinishScenario(scenario));",
              "err": {},
              "uuid": "3ceedb1a-c8e3-4561-a1ac-b58986a13037",
              "parentUUID": "086a3057-02bd-46ab-895c-0a694299d1bb",
              "isHook": false,
              "skipped": false
            },
            {
              "title": "TC004 email should be with \"@\" and \".\" (example #1)",
              "fullTitle": "US_002 user in registeration page TC004 email should be with \"@\" and \".\" (example #1)",
              "timedOut": null,
              "duration": 2214,
              "state": "passed",
              "speed": "fast",
              "pass": true,
              "fail": false,
              "pending": false,
              "context": null,
              "code": "const state = window.testState;\nreturn cy\n  .then(() => state.onStartScenario(scenario, indexedSteps))\n  .then(() =>\n    resolveAndRunBeforeHooks.call(this, scenario.tags, state.feature.name)\n  )\n  .then(() =>\n    indexedSteps.forEach((step) =>\n      stepTest.call(this, state, step, rowData)\n    )\n  )\n  .then(() => state.onFinishScenario(scenario));",
              "err": {},
              "uuid": "dc15ef37-7223-439e-b21b-20769a2c910a",
              "parentUUID": "086a3057-02bd-46ab-895c-0a694299d1bb",
              "isHook": false,
              "skipped": false
            },
            {
              "title": "TC004 email should be with \"@\" and \".\" (example #2)",
              "fullTitle": "US_002 user in registeration page TC004 email should be with \"@\" and \".\" (example #2)",
              "timedOut": null,
              "duration": 1863,
              "state": "passed",
              "speed": "fast",
              "pass": true,
              "fail": false,
              "pending": false,
              "context": null,
              "code": "const state = window.testState;\nreturn cy\n  .then(() => state.onStartScenario(scenario, indexedSteps))\n  .then(() =>\n    resolveAndRunBeforeHooks.call(this, scenario.tags, state.feature.name)\n  )\n  .then(() =>\n    indexedSteps.forEach((step) =>\n      stepTest.call(this, state, step, rowData)\n    )\n  )\n  .then(() => state.onFinishScenario(scenario));",
              "err": {},
              "uuid": "1582f5e0-16b0-46fa-9275-5be7d82dbd81",
              "parentUUID": "086a3057-02bd-46ab-895c-0a694299d1bb",
              "isHook": false,
              "skipped": false
            },
            {
              "title": "TC004 email should be with \"@\" and \".\" (example #3)",
              "fullTitle": "US_002 user in registeration page TC004 email should be with \"@\" and \".\" (example #3)",
              "timedOut": null,
              "duration": 1930,
              "state": "passed",
              "speed": "fast",
              "pass": true,
              "fail": false,
              "pending": false,
              "context": null,
              "code": "const state = window.testState;\nreturn cy\n  .then(() => state.onStartScenario(scenario, indexedSteps))\n  .then(() =>\n    resolveAndRunBeforeHooks.call(this, scenario.tags, state.feature.name)\n  )\n  .then(() =>\n    indexedSteps.forEach((step) =>\n      stepTest.call(this, state, step, rowData)\n    )\n  )\n  .then(() => state.onFinishScenario(scenario));",
              "err": {},
              "uuid": "668cc054-555d-4b00-ad96-b2fb66564a1d",
              "parentUUID": "086a3057-02bd-46ab-895c-0a694299d1bb",
              "isHook": false,
              "skipped": false
            },
            {
              "title": "TC004 email should be with \"@\" and \".\" (example #4)",
              "fullTitle": "US_002 user in registeration page TC004 email should be with \"@\" and \".\" (example #4)",
              "timedOut": null,
              "duration": 1864,
              "state": "passed",
              "speed": "fast",
              "pass": true,
              "fail": false,
              "pending": false,
              "context": null,
              "code": "const state = window.testState;\nreturn cy\n  .then(() => state.onStartScenario(scenario, indexedSteps))\n  .then(() =>\n    resolveAndRunBeforeHooks.call(this, scenario.tags, state.feature.name)\n  )\n  .then(() =>\n    indexedSteps.forEach((step) =>\n      stepTest.call(this, state, step, rowData)\n    )\n  )\n  .then(() => state.onFinishScenario(scenario));",
              "err": {},
              "uuid": "c489ffc2-e303-460c-9d15-3e595fab7e71",
              "parentUUID": "086a3057-02bd-46ab-895c-0a694299d1bb",
              "isHook": false,
              "skipped": false
            },
            {
              "title": "TC004 email should be with \"@\" and \".\" (example #5)",
              "fullTitle": "US_002 user in registeration page TC004 email should be with \"@\" and \".\" (example #5)",
              "timedOut": null,
              "duration": 1854,
              "state": "passed",
              "speed": "fast",
              "pass": true,
              "fail": false,
              "pending": false,
              "context": null,
              "code": "const state = window.testState;\nreturn cy\n  .then(() => state.onStartScenario(scenario, indexedSteps))\n  .then(() =>\n    resolveAndRunBeforeHooks.call(this, scenario.tags, state.feature.name)\n  )\n  .then(() =>\n    indexedSteps.forEach((step) =>\n      stepTest.call(this, state, step, rowData)\n    )\n  )\n  .then(() => state.onFinishScenario(scenario));",
              "err": {},
              "uuid": "d50a8846-5fdc-481c-b390-af035a07cf49",
              "parentUUID": "086a3057-02bd-46ab-895c-0a694299d1bb",
              "isHook": false,
              "skipped": false
            },
            {
              "title": "TC004 email should be with \"@\" and \".\" (example #6)",
              "fullTitle": "US_002 user in registeration page TC004 email should be with \"@\" and \".\" (example #6)",
              "timedOut": null,
              "duration": 1947,
              "state": "passed",
              "speed": "fast",
              "pass": true,
              "fail": false,
              "pending": false,
              "context": null,
              "code": "const state = window.testState;\nreturn cy\n  .then(() => state.onStartScenario(scenario, indexedSteps))\n  .then(() =>\n    resolveAndRunBeforeHooks.call(this, scenario.tags, state.feature.name)\n  )\n  .then(() =>\n    indexedSteps.forEach((step) =>\n      stepTest.call(this, state, step, rowData)\n    )\n  )\n  .then(() => state.onFinishScenario(scenario));",
              "err": {},
              "uuid": "a57f937b-a788-419a-ac19-6c30df79a66f",
              "parentUUID": "086a3057-02bd-46ab-895c-0a694299d1bb",
              "isHook": false,
              "skipped": false
            }
          ],
          "suites": [],
          "passes": [
            "293ada68-0b9a-40c5-aced-eca2c341fac8",
            "7935b2bb-4a47-4d18-ad75-f2d94cf44320",
            "bc9070fd-7cde-4849-8c96-13a97681e32f",
            "799fee5b-a7dd-4769-a46f-ea4df5a9fc9b",
            "b5cbf2a4-e9d8-4037-881b-c56fd25eff34",
            "f0f52080-9c9e-4a22-ad95-222b052cb527",
            "5f925730-36ab-41f3-9f50-e64cac54ade3",
            "12085209-f3aa-4220-8d3c-9a1c7f3a8ac8",
            "ea954727-fabe-4833-b9b6-f643778cfaaa",
            "9aca8aae-b119-4b79-a171-95f50deaf556",
            "b3b32000-37c2-40e7-8045-ad3091413240",
            "caad1983-25c9-4d9e-a377-b7176338c3bc",
            "6cee0425-1b71-458f-9776-7a0476f67b2a",
            "c5c98822-9c45-475a-b2ef-47bfccc9bfbd",
            "1713aa19-22b3-4155-b642-c5836dde1a79",
            "ba11e35f-2157-451e-a623-af1fd0222d9d",
            "557d8e84-6a38-4399-9a32-f63b4e6ee1c7",
            "7de1988f-8ae6-4c7a-9644-8769eedee2c7",
            "3ceedb1a-c8e3-4561-a1ac-b58986a13037",
            "dc15ef37-7223-439e-b21b-20769a2c910a",
            "1582f5e0-16b0-46fa-9275-5be7d82dbd81",
            "668cc054-555d-4b00-ad96-b2fb66564a1d",
            "c489ffc2-e303-460c-9d15-3e595fab7e71",
            "d50a8846-5fdc-481c-b390-af035a07cf49",
            "a57f937b-a788-419a-ac19-6c30df79a66f"
          ],
          "failures": [],
          "pending": [],
          "skipped": [],
          "duration": 55009,
          "root": false,
          "rootEmpty": false,
          "_timeout": 2000
        }
      ],
      "passes": [],
      "failures": [],
      "pending": [],
      "skipped": [],
      "duration": 0,
      "root": true,
      "rootEmpty": true,
      "_timeout": 2000
    }
  ],
  "meta": {
    "mocha": {
      "version": "7.0.1"
    },
    "mochawesome": {
      "options": {
        "quiet": false,
        "reportFilename": "mochawesome",
        "saveHtml": false,
        "saveJson": true,
        "consoleReporter": "spec",
        "useInlineDiffs": false,
        "code": true
      },
      "version": "7.0.1"
    },
    "marge": {
      "options": {
        "id": "default",
        "reportDir": "cypress/reports/mocha",
        "quite": true,
        "overwrite": false,
        "html": false,
        "json": true
      },
      "version": "6.0.1"
    }
  }
}