{
  "stats": {
    "suites": 1,
    "tests": 5,
    "passes": 5,
    "pending": 0,
    "failures": 0,
    "start": "2022-01-29T18:12:59.848Z",
    "end": "2022-01-29T18:13:46.527Z",
    "duration": 46679,
    "testsRegistered": 5,
    "passPercent": 100,
    "pendingPercent": 0,
    "other": 0,
    "hasOther": false,
    "skipped": 0,
    "hasSkipped": false
  },
  "results": [
    {
      "uuid": "f28a6fc6-651d-4d39-9130-12a349903279",
      "title": "",
      "fullFile": "cypress/integration/US_005.feature",
      "file": "cypress/integration/US_005.feature",
      "beforeHooks": [],
      "afterHooks": [],
      "tests": [],
      "suites": [
        {
          "uuid": "20e76ea9-b32e-4470-84b2-8a861e79d7c1",
          "title": "US_005 Login page should not be accessible with invalid credentials",
          "fullFile": "",
          "file": "",
          "beforeHooks": [],
          "afterHooks": [],
          "tests": [
            {
              "title": "TC_001 User cannot login with invalid username validating the error message",
              "fullTitle": "US_005 Login page should not be accessible with invalid credentials TC_001 User cannot login with invalid username validating the error message",
              "timedOut": null,
              "duration": 18664,
              "state": "passed",
              "speed": "slow",
              "pass": true,
              "fail": false,
              "pending": false,
              "context": null,
              "code": "const state = window.testState;\nreturn cy\n  .then(() => state.onStartScenario(scenario, indexedSteps))\n  .then(() =>\n    resolveAndRunBeforeHooks.call(this, scenario.tags, state.feature.name)\n  )\n  .then(() =>\n    indexedSteps.forEach((step) =>\n      stepTest.call(this, state, step, rowData)\n    )\n  )\n  .then(() => state.onFinishScenario(scenario));",
              "err": {},
              "uuid": "85de54a4-e9f6-4f8c-8fe9-e48953a53758",
              "parentUUID": "20e76ea9-b32e-4470-84b2-8a861e79d7c1",
              "isHook": false,
              "skipped": false
            },
            {
              "title": "TC_002 User cannot login with invalid password validating the error message",
              "fullTitle": "US_005 Login page should not be accessible with invalid credentials TC_002 User cannot login with invalid password validating the error message",
              "timedOut": null,
              "duration": 6816,
              "state": "passed",
              "speed": "medium",
              "pass": true,
              "fail": false,
              "pending": false,
              "context": null,
              "code": "const state = window.testState;\nreturn cy\n  .then(() => state.onStartScenario(scenario, indexedSteps))\n  .then(() =>\n    resolveAndRunBeforeHooks.call(this, scenario.tags, state.feature.name)\n  )\n  .then(() =>\n    indexedSteps.forEach((step) =>\n      stepTest.call(this, state, step, rowData)\n    )\n  )\n  .then(() => state.onFinishScenario(scenario));",
              "err": {},
              "uuid": "6527fb79-322d-4941-9b3c-5bbe2504912f",
              "parentUUID": "20e76ea9-b32e-4470-84b2-8a861e79d7c1",
              "isHook": false,
              "skipped": false
            },
            {
              "title": "TC_003 User cannot login with invalid username and password validating the error message",
              "fullTitle": "US_005 Login page should not be accessible with invalid credentials TC_003 User cannot login with invalid username and password validating the error message",
              "timedOut": null,
              "duration": 5787,
              "state": "passed",
              "speed": "medium",
              "pass": true,
              "fail": false,
              "pending": false,
              "context": null,
              "code": "const state = window.testState;\nreturn cy\n  .then(() => state.onStartScenario(scenario, indexedSteps))\n  .then(() =>\n    resolveAndRunBeforeHooks.call(this, scenario.tags, state.feature.name)\n  )\n  .then(() =>\n    indexedSteps.forEach((step) =>\n      stepTest.call(this, state, step, rowData)\n    )\n  )\n  .then(() => state.onFinishScenario(scenario));",
              "err": {},
              "uuid": "317e20db-8b24-4346-801c-1a1243c85734",
              "parentUUID": "20e76ea9-b32e-4470-84b2-8a861e79d7c1",
              "isHook": false,
              "skipped": false
            },
            {
              "title": "TC_004 User who wants to login with invalid username and password, there should be password reset button",
              "fullTitle": "US_005 Login page should not be accessible with invalid credentials TC_004 User who wants to login with invalid username and password, there should be password reset button",
              "timedOut": null,
              "duration": 6051,
              "state": "passed",
              "speed": "medium",
              "pass": true,
              "fail": false,
              "pending": false,
              "context": null,
              "code": "const state = window.testState;\nreturn cy\n  .then(() => state.onStartScenario(scenario, indexedSteps))\n  .then(() =>\n    resolveAndRunBeforeHooks.call(this, scenario.tags, state.feature.name)\n  )\n  .then(() =>\n    indexedSteps.forEach((step) =>\n      stepTest.call(this, state, step, rowData)\n    )\n  )\n  .then(() => state.onFinishScenario(scenario));",
              "err": {},
              "uuid": "3b1dfe63-2b62-424a-a293-afe0276ee459",
              "parentUUID": "20e76ea9-b32e-4470-84b2-8a861e79d7c1",
              "isHook": false,
              "skipped": false
            },
            {
              "title": "TC_005 User who wants to login with invalid username and password, there should be registration button",
              "fullTitle": "US_005 Login page should not be accessible with invalid credentials TC_005 User who wants to login with invalid username and password, there should be registration button",
              "timedOut": null,
              "duration": 5368,
              "state": "passed",
              "speed": "medium",
              "pass": true,
              "fail": false,
              "pending": false,
              "context": null,
              "code": "const state = window.testState;\nreturn cy\n  .then(() => state.onStartScenario(scenario, indexedSteps))\n  .then(() =>\n    resolveAndRunBeforeHooks.call(this, scenario.tags, state.feature.name)\n  )\n  .then(() =>\n    indexedSteps.forEach((step) =>\n      stepTest.call(this, state, step, rowData)\n    )\n  )\n  .then(() => state.onFinishScenario(scenario));",
              "err": {},
              "uuid": "200cc7cc-eeee-4e04-9d87-00eefcde441f",
              "parentUUID": "20e76ea9-b32e-4470-84b2-8a861e79d7c1",
              "isHook": false,
              "skipped": false
            }
          ],
          "suites": [],
          "passes": [
            "85de54a4-e9f6-4f8c-8fe9-e48953a53758",
            "6527fb79-322d-4941-9b3c-5bbe2504912f",
            "317e20db-8b24-4346-801c-1a1243c85734",
            "3b1dfe63-2b62-424a-a293-afe0276ee459",
            "200cc7cc-eeee-4e04-9d87-00eefcde441f"
          ],
          "failures": [],
          "pending": [],
          "skipped": [],
          "duration": 42686,
          "root": false,
          "rootEmpty": false,
          "_timeout": 2000
        }
      ],
      "passes": [],
      "failures": [],
      "pending": [],
      "skipped": [],
      "duration": 0,
      "root": true,
      "rootEmpty": true,
      "_timeout": 2000
    }
  ],
  "meta": {
    "mocha": {
      "version": "7.0.1"
    },
    "mochawesome": {
      "options": {
        "quiet": false,
        "reportFilename": "mochawesome",
        "saveHtml": false,
        "saveJson": true,
        "consoleReporter": "spec",
        "useInlineDiffs": false,
        "code": true
      },
      "version": "7.0.1"
    },
    "marge": {
      "options": {
        "id": "default",
        "reportDir": "cypress/reports/mocha",
        "quite": true,
        "overwrite": false,
        "html": false,
        "json": true
      },
      "version": "6.0.1"
    }
  }
}